[INFO] Scanning for projects...
[WARNING] 
[WARNING] Some problems were encountered while building the effective model for org.apache.dubbo:dubbo-config-spring:jar:2.7.5-SNAPSHOT
[WARNING] 'dependencies.dependency.(groupId:artifactId:type:classifier)' must be unique: org.apache.dubbo:dubbo-config-api:jar -> duplicate declaration of version ${project.parent.version} @ org.apache.dubbo:dubbo-config-spring:${revision}, Z:\ev_repos\DUBBO\dubbo-config\dubbo-config-spring\pom.xml, line 21, column 21
[WARNING] 
[WARNING] Some problems were encountered while building the effective model for org.apache.dubbo:dubbo-demo-xml-consumer:jar:2.7.5-SNAPSHOT
[WARNING] 'dependencies.dependency.(groupId:artifactId:type:classifier)' must be unique: org.apache.dubbo:dubbo-metadata-report-zookeeper:jar -> duplicate declaration of version (?) @ org.apache.dubbo:dubbo-demo-xml-consumer:${revision}, Z:\ev_repos\DUBBO\dubbo-demo\dubbo-demo-xml\dubbo-demo-xml-consumer\pom.xml, line 54, column 21
[WARNING] 
[WARNING] Some problems were encountered while building the effective model for org.apache.dubbo:dubbo-dependencies-bom:pom:2.7.5-SNAPSHOT
[WARNING] 'dependencyManagement.dependencies.dependency.(groupId:artifactId:type:classifier)' must be unique: io.etcd:jetcd-launcher:jar -> version ${jetcd_version} vs ${etcd_launcher_version} @ org.apache.dubbo:dubbo-dependencies-bom:${revision}, Z:\ev_repos\DUBBO\dubbo-dependencies-bom\pom.xml, line 595, column 16
[WARNING] 
[WARNING] Some problems were encountered while building the effective model for org.apache.dubbo:dubbo-bom:pom:2.7.5-SNAPSHOT
[WARNING] 'dependencyManagement.dependencies.dependency.(groupId:artifactId:type:classifier)' must be unique: org.apache.dubbo:dubbo-metadata-api:jar -> duplicate declaration of version ${project.version} @ org.apache.dubbo:dubbo-bom:${revision}, Z:\ev_repos\DUBBO\dubbo-bom\pom.xml, line 360, column 25
[WARNING] 
[WARNING] It is highly recommended to fix these problems because they threaten the stability of your build.
[WARNING] 
[WARNING] For this reason, future Maven versions might no longer support building such malformed projects.
[WARNING] 
[INFO] ------------------------------------------------------------------------
[INFO] Detecting the operating system and CPU architecture
[INFO] ------------------------------------------------------------------------
[INFO] os.detected.name: windows
[INFO] os.detected.arch: x86_64
[INFO] os.detected.version: 10.0
[INFO] os.detected.version.major: 10
[INFO] os.detected.version.minor: 0
[INFO] os.detected.classifier: windows-x86_64
[INFO] ------------------------------------------------------------------------
[INFO] Reactor Build Order:
[INFO] 
[INFO] dubbo-parent                                                       [pom]
[INFO] dubbo-common                                                       [jar]
[INFO] dubbo-container                                                    [pom]
[INFO] dubbo-container-api                                                [jar]
[INFO] dubbo-container-spring                                             [jar]
[INFO] dubbo-container-log4j                                              [jar]
[INFO] dubbo-container-logback                                            [jar]
[INFO] dubbo-serialization                                                [pom]
[INFO] dubbo-serialization-api                                            [jar]
[INFO] dubbo-serialization-hessian2                                       [jar]
[INFO] dubbo-remoting                                                     [pom]
[INFO] dubbo-remoting-api                                                 [jar]
[INFO] dubbo-remoting-netty                                               [jar]
[INFO] dubbo-remoting-mina                                                [jar]
[INFO] dubbo-remoting-grizzly                                             [jar]
[INFO] dubbo-remoting-netty4                                              [jar]
[INFO] dubbo-remoting-p2p                                                 [jar]
[INFO] dubbo-remoting-http                                                [jar]
[INFO] dubbo-remoting-zookeeper                                           [jar]
[INFO] dubbo-remoting-etcd3                                               [jar]
[INFO] dubbo-rpc                                                          [pom]
[INFO] dubbo-rpc-api                                                      [jar]
[INFO] dubbo-cluster                                                      [jar]
[INFO] dubbo-serialization-jdk                                            [jar]
[INFO] dubbo-rpc-dubbo                                                    [jar]
[INFO] dubbo-rpc-injvm                                                    [jar]
[INFO] dubbo-rpc-http                                                     [jar]
[INFO] dubbo-rpc-rmi                                                      [jar]
[INFO] dubbo-rpc-hessian                                                  [jar]
[INFO] dubbo-rpc-webservice                                               [jar]
[INFO] dubbo-rpc-native-thrift                                            [jar]
[INFO] dubbo-configcenter                                                 [pom]
[INFO] dubbo-configcenter-zookeeper                                       [jar]
[INFO] dubbo-metadata                                                     [pom]
[INFO] dubbo-metadata-api                                                 [jar]
[INFO] dubbo-registry                                                     [pom]
[INFO] dubbo-registry-api                                                 [jar]
[INFO] dubbo-monitor                                                      [pom]
[INFO] dubbo-monitor-api                                                  [jar]
[INFO] dubbo-filter                                                       [pom]
[INFO] dubbo-filter-validation                                            [jar]
[INFO] dubbo-filter-cache                                                 [jar]
[INFO] dubbo-rpc-rest                                                     [jar]
[INFO] dubbo-registry-multicast                                           [jar]
[INFO] dubbo-registry-zookeeper                                           [jar]
[INFO] dubbo-registry-nacos                                               [jar]
[INFO] dubbo-registry-eureka                                              [jar]
[INFO] dubbo-registry-etcd3                                               [jar]
[INFO] dubbo-registry-consul                                              [jar]
[INFO] dubbo-metadata-report-zookeeper                                    [jar]
[INFO] dubbo-metadata-report-etcd                                         [jar]
[INFO] dubbo-metadata-report-nacos                                        [jar]
[INFO] dubbo-metadata-report-redis                                        [jar]
[INFO] dubbo-configcenter-nacos                                           [jar]
[INFO] dubbo-configcenter-consul                                          [jar]
[INFO] dubbo-config                                                       [pom]
[INFO] dubbo-config-api                                                   [jar]
[INFO] dubbo-registry-default                                             [jar]
[INFO] dubbo-monitor-default                                              [jar]
[INFO] dubbo-config-spring                                                [jar]
[INFO] dubbo-rpc-thrift                                                   [jar]
[INFO] dubbo-rpc-memcached                                                [jar]
[INFO] dubbo-rpc-redis                                                    [jar]
[INFO] dubbo-plugin                                                       [pom]
[INFO] dubbo-qos                                                          [jar]
[INFO] dubbo-compatible                                                   [jar]
[INFO] dubbo-rpc-xml                                                      [jar]
[INFO] dubbo-rpc-grpc                                                     [jar]
[INFO] dubbo-registry-redis                                               [jar]
[INFO] dubbo-registry-multiple                                            [jar]
[INFO] dubbo-registry-sofa                                                [jar]
[INFO] dubbo-demo                                                         [pom]
[INFO] dubbo-demo-interface                                               [jar]
[INFO] dubbo-demo-xml                                                     [pom]
[INFO] dubbo-demo-xml-provider                                            [jar]
[INFO] dubbo-demo-xml-consumer                                            [jar]
[INFO] dubbo-demo-annotation                                              [pom]
[INFO] dubbo-demo-annotation-provider                                     [jar]
[INFO] dubbo-demo-annotation-consumer                                     [jar]
[INFO] dubbo-demo-api                                                     [pom]
[INFO] dubbo-demo-api-provider                                            [jar]
[INFO] dubbo-demo-api-consumer                                            [jar]
[INFO] dubbo-serialization-fastjson                                       [jar]
[INFO] dubbo-serialization-kryo                                           [jar]
[INFO] dubbo-serialization-fst                                            [jar]
[INFO] dubbo-serialization-protostuff                                     [jar]
[INFO] dubbo-serialization-avro                                           [jar]
[INFO] dubbo-serialization-gson                                           [jar]
[INFO] dubbo-serialization-protobuf                                       [jar]
[INFO] dubbo-serialization-test                                           [jar]
[INFO] dubbo-serialization-native-hession                                 [jar]
[INFO] dubbo-dependencies-bom                                             [pom]
[INFO] dubbo-bom                                                          [pom]
[INFO] dubbo-configcenter-apollo                                          [jar]
[INFO] dubbo-configcenter-etcd                                            [jar]
[INFO] dubbo-metadata-report-consul                                       [jar]
[INFO] dubbo-all                                                          [jar]
[INFO] dubbo-distribution                                                 [pom]
[INFO] dubbo-dependencies-zookeeper                                       [pom]
[INFO] dubbo-dependencies                                                 [pom]
[INFO] dubbo-metadata-definition-protobuf                                 [jar]
[INFO] 
[INFO] -------------------< org.apache.dubbo:dubbo-parent >--------------------
[INFO] Building dubbo-parent 2.7.5-SNAPSHOT                             [1/101]
[INFO] --------------------------------[ pom ]---------------------------------
[INFO] 
[INFO] --- maven-enforcer-plugin:1.4.1:enforce (enforce-maven-version) @ dubbo-parent ---
[INFO] 
[INFO] --- maven-checkstyle-plugin:3.0.0:check (checkstyle-validation) @ dubbo-parent ---
[INFO] 
[INFO] --- jacoco-maven-plugin:0.8.2:prepare-agent (jacoco-initialize) @ dubbo-parent ---
[INFO] Skipping JaCoCo execution because property jacoco.skip is set.
[INFO] jacocoArgLine set to empty
[INFO] 
[INFO] --- maven-remote-resources-plugin:1.5:process (process-resource-bundles) @ dubbo-parent ---
[INFO] 
[INFO] --- flatten-maven-plugin:1.1.0:flatten (flatten) @ dubbo-parent ---
[INFO] Generating flattened POM of project org.apache.dubbo:dubbo-parent:pom:2.7.5-SNAPSHOT...
[INFO] 
[INFO] --- maven-site-plugin:3.7.1:attach-descriptor (attach-descriptor) @ dubbo-parent ---
[INFO] No site descriptor found: nothing to attach.
[INFO] 
[INFO] --- jacoco-maven-plugin:0.8.2:report-aggregate (report-aggregate) @ dubbo-parent ---
[INFO] Skipping JaCoCo execution because property jacoco.skip is set.
[INFO] 
[INFO] --- apache-rat-plugin:0.12:check (verify.rat) @ dubbo-parent ---
[INFO] RAT will not execute since it is configured to be skipped via system property 'rat.skip'.
[INFO] 
[INFO] --- maven-install-plugin:2.5.2:install (default-install) @ dubbo-parent ---
[INFO] Installing Z:\ev_repos\DUBBO\.flattened-pom.xml to C:\Users\amirelm\.m2\repository\org\apache\dubbo\dubbo-parent\2.7.5-SNAPSHOT\dubbo-parent-2.7.5-SNAPSHOT.pom
[INFO] 
[INFO] -------------------< org.apache.dubbo:dubbo-common >--------------------
[INFO] Building dubbo-common 2.7.5-SNAPSHOT                             [2/101]
[INFO] --------------------------------[ jar ]---------------------------------
[INFO] 
[INFO] --- maven-enforcer-plugin:1.4.1:enforce (enforce-maven-version) @ dubbo-common ---
[INFO] 
[INFO] --- maven-checkstyle-plugin:3.0.0:check (checkstyle-validation) @ dubbo-common ---
[INFO] 
[INFO] --- jacoco-maven-plugin:0.8.2:prepare-agent (jacoco-initialize) @ dubbo-common ---
[INFO] Skipping JaCoCo execution because property jacoco.skip is set.
[INFO] jacocoArgLine set to empty
[INFO] 
[INFO] --- maven-remote-resources-plugin:1.5:process (process-resource-bundles) @ dubbo-common ---
[INFO] 
[INFO] --- maven-resources-plugin:3.1.0:resources (default-resources) @ dubbo-common ---
[INFO] Using 'UTF-8' encoding to copy filtered resources.
[INFO] Copying 12 resources
[INFO] Copying 2 resources to META-INF/
[INFO] Copying 3 resources
[INFO] 
[INFO] --- flatten-maven-plugin:1.1.0:flatten (flatten) @ dubbo-common ---
[INFO] Generating flattened POM of project org.apache.dubbo:dubbo-common:jar:2.7.5-SNAPSHOT...
[INFO] 
[INFO] --- maven-compiler-plugin:3.6.0:compile (default-compile) @ dubbo-common ---
[INFO] Nothing to compile - all classes are up to date
[INFO] 
[INFO] --- maven-resources-plugin:3.1.0:testResources (default-testResources) @ dubbo-common ---
[INFO] Using 'UTF-8' encoding to copy filtered resources.
[INFO] Copying 32 resources
[INFO] Copying 3 resources
[INFO] 
[INFO] --- maven-compiler-plugin:3.6.0:testCompile (default-testCompile) @ dubbo-common ---
[INFO] Nothing to compile - all classes are up to date
[INFO] 
[INFO] --- maven-surefire-plugin:2.18.1:test (default-test) @ dubbo-common ---
[INFO] Surefire report directory: Z:\ev_repos\DUBBO\dubbo-common\target\surefire-reports

-------------------------------------------------------
 T E S T S
-------------------------------------------------------
Running org.apache.dubbo.common.beanutil.JavaBeanAccessorTest
Tests run: 2, Failures: 0, Errors: 0, Skipped: 0, Time elapsed: 0.013 sec - in org.apache.dubbo.common.beanutil.JavaBeanAccessorTest
Running org.apache.dubbo.common.beanutil.JavaBeanSerializeUtilTest
Tests run: 20, Failures: 0, Errors: 0, Skipped: 0, Time elapsed: 1.669 sec - in org.apache.dubbo.common.beanutil.JavaBeanSerializeUtilTest
Running org.apache.dubbo.common.bytecode.ClassGeneratorTest
org.apache.dubbo.common.bytecode.Bean$Builder
qianlei
ok
org.apache.dubbo.common.bytecode.Bean$Builder2
qianlei
ok
Tests run: 2, Failures: 0, Errors: 0, Skipped: 0, Time elapsed: 1.149 sec - in org.apache.dubbo.common.bytecode.ClassGeneratorTest
Running org.apache.dubbo.common.bytecode.MixinTest
setMixinInstance:org.apache.dubbo.common.bytecode.mixin0@47e2e487
setMixinInstance:org.apache.dubbo.common.bytecode.mixin0@47e2e487
c1.m1();
c1.m2();
c2.m3();
Tests run: 1, Failures: 0, Errors: 0, Skipped: 0, Time elapsed: 0.626 sec - in org.apache.dubbo.common.bytecode.MixinTest
Running org.apache.dubbo.common.bytecode.ProxyTest
Tests run: 2, Failures: 0, Errors: 0, Skipped: 0, Time elapsed: 0.873 sec - in org.apache.dubbo.common.bytecode.ProxyTest
Running org.apache.dubbo.common.bytecode.WrapperTest
hello qianlei
Tests run: 11, Failures: 0, Errors: 0, Skipped: 0, Time elapsed: 0.749 sec - in org.apache.dubbo.common.bytecode.WrapperTest
Running org.apache.dubbo.common.compiler.support.AdaptiveCompilerTest
Tests run: 1, Failures: 0, Errors: 0, Skipped: 0, Time elapsed: 2.984 sec - in org.apache.dubbo.common.compiler.support.AdaptiveCompilerTest
Running org.apache.dubbo.common.compiler.support.ClassUtilsTest
Tests run: 14, Failures: 0, Errors: 0, Skipped: 0, Time elapsed: 0.284 sec - in org.apache.dubbo.common.compiler.support.ClassUtilsTest
Running org.apache.dubbo.common.compiler.support.JavaCodeTest
Tests run: 0, Failures: 0, Errors: 0, Skipped: 0, Time elapsed: 0 sec - in org.apache.dubbo.common.compiler.support.JavaCodeTest
Running org.apache.dubbo.common.compiler.support.JavassistCompilerTest
Tests run: 5, Failures: 0, Errors: 0, Skipped: 0, Time elapsed: 0.663 sec - in org.apache.dubbo.common.compiler.support.JavassistCompilerTest
Running org.apache.dubbo.common.compiler.support.JdkCompilerTest
Tests run: 3, Failures: 0, Errors: 0, Skipped: 0, Time elapsed: 2.398 sec - in org.apache.dubbo.common.compiler.support.JdkCompilerTest
Running org.apache.dubbo.common.concurrent.CompletableFutureTaskTest
Tests run: 4, Failures: 0, Errors: 0, Skipped: 0, Time elapsed: 3.278 sec - in org.apache.dubbo.common.concurrent.CompletableFutureTaskTest
Running org.apache.dubbo.common.config.AbstractPrefixConfigurationTest
Tests run: 0, Failures: 0, Errors: 0, Skipped: 0, Time elapsed: 0 sec - in org.apache.dubbo.common.config.AbstractPrefixConfigurationTest
Running org.apache.dubbo.common.config.CompositeConfigurationTest
Tests run: 0, Failures: 0, Errors: 0, Skipped: 0, Time elapsed: 0 sec - in org.apache.dubbo.common.config.CompositeConfigurationTest
Running org.apache.dubbo.common.config.configcenter.AbstractDynamicConfigurationFactoryTest
Tests run: 1, Failures: 1, Errors: 0, Skipped: 0, Time elapsed: 0.839 sec <<< FAILURE! - in org.apache.dubbo.common.config.configcenter.AbstractDynamicConfigurationFactoryTest
org.apache.dubbo.common.config.configcenter.AbstractDynamicConfigurationFactoryTest.testGetDynamicConfiguration()  Time elapsed: 0.838 sec  <<< FAILURE!
java.lang.NullPointerException
	at org.apache.dubbo.common.config.configcenter.AbstractDynamicConfigurationFactoryTest.testGetDynamicConfiguration(AbstractDynamicConfigurationFactoryTest.java:49)

Running org.apache.dubbo.common.config.configcenter.AbstractDynamicConfigurationTest
Tests run: 10, Failures: 8, Errors: 0, Skipped: 0, Time elapsed: 0.935 sec <<< FAILURE! - in org.apache.dubbo.common.config.configcenter.AbstractDynamicConfigurationTest
org.apache.dubbo.common.config.configcenter.AbstractDynamicConfigurationTest.testAddListener()  Time elapsed: 0.007 sec  <<< FAILURE!
java.lang.NullPointerException
	at org.apache.dubbo.common.config.configcenter.AbstractDynamicConfigurationTest.testAddListener(AbstractDynamicConfigurationTest.java:136)

org.apache.dubbo.common.config.configcenter.AbstractDynamicConfigurationTest.testGetConfig()  Time elapsed: 0 sec  <<< FAILURE!
java.lang.NullPointerException
	at org.apache.dubbo.common.config.configcenter.AbstractDynamicConfigurationTest.testGetConfig(AbstractDynamicConfigurationTest.java:119)

org.apache.dubbo.common.config.configcenter.AbstractDynamicConfigurationTest.testClose()  Time elapsed: 0 sec  <<< FAILURE!
java.lang.NullPointerException
	at org.apache.dubbo.common.config.configcenter.AbstractDynamicConfigurationTest.testClose(AbstractDynamicConfigurationTest.java:148)

org.apache.dubbo.common.config.configcenter.AbstractDynamicConfigurationTest.testPublishConfig()  Time elapsed: 0.054 sec  <<< FAILURE!
org.opentest4j.AssertionFailedError: No support ==> Unexpected exception type thrown ==> expected: <java.lang.UnsupportedOperationException> but was: <java.lang.NullPointerException>
	at org.junit.jupiter.api.AssertThrows.assertThrows(AssertThrows.java:65)
	at org.junit.jupiter.api.AssertThrows.assertThrows(AssertThrows.java:41)
	at org.junit.jupiter.api.Assertions.assertThrows(Assertions.java:2936)
	at org.apache.dubbo.common.config.configcenter.AbstractDynamicConfigurationTest.testPublishConfig(AbstractDynamicConfigurationTest.java:108)
Caused by: java.lang.NullPointerException
	at org.apache.dubbo.common.config.configcenter.AbstractDynamicConfigurationTest.lambda$testPublishConfig$1(AbstractDynamicConfigurationTest.java:108)
	at org.junit.jupiter.api.AssertThrows.assertThrows(AssertThrows.java:55)
	... 15 more

org.apache.dubbo.common.config.configcenter.AbstractDynamicConfigurationTest.testGetInternalProperty()  Time elapsed: 0 sec  <<< FAILURE!
java.lang.NullPointerException
	at org.apache.dubbo.common.config.configcenter.AbstractDynamicConfigurationTest.testGetInternalProperty(AbstractDynamicConfigurationTest.java:125)

org.apache.dubbo.common.config.configcenter.AbstractDynamicConfigurationTest.testRemoveListener()  Time elapsed: 0 sec  <<< FAILURE!
java.lang.NullPointerException
	at org.apache.dubbo.common.config.configcenter.AbstractDynamicConfigurationTest.testRemoveListener(AbstractDynamicConfigurationTest.java:142)

org.apache.dubbo.common.config.configcenter.AbstractDynamicConfigurationTest.testGetProperties()  Time elapsed: 0.001 sec  <<< FAILURE!
java.lang.NullPointerException
	at org.apache.dubbo.common.config.configcenter.AbstractDynamicConfigurationTest.testGetProperties(AbstractDynamicConfigurationTest.java:130)

org.apache.dubbo.common.config.configcenter.AbstractDynamicConfigurationTest.testGetConfigKeys()  Time elapsed: 0.002 sec  <<< FAILURE!
org.opentest4j.AssertionFailedError: No support ==> Unexpected exception type thrown ==> expected: <java.lang.UnsupportedOperationException> but was: <java.lang.NullPointerException>
	at org.junit.jupiter.api.AssertThrows.assertThrows(AssertThrows.java:65)
	at org.junit.jupiter.api.AssertThrows.assertThrows(AssertThrows.java:41)
	at org.junit.jupiter.api.Assertions.assertThrows(Assertions.java:2936)
	at org.apache.dubbo.common.config.configcenter.AbstractDynamicConfigurationTest.testGetConfigKeys(AbstractDynamicConfigurationTest.java:114)
Caused by: java.lang.NullPointerException
	at org.apache.dubbo.common.config.configcenter.AbstractDynamicConfigurationTest.lambda$testGetConfigKeys$3(AbstractDynamicConfigurationTest.java:114)
	at org.junit.jupiter.api.AssertThrows.assertThrows(AssertThrows.java:55)
	... 15 more

Running org.apache.dubbo.common.config.configcenter.ConfigChangedEventTest
Tests run: 3, Failures: 0, Errors: 0, Skipped: 0, Time elapsed: 0.036 sec - in org.apache.dubbo.common.config.configcenter.ConfigChangedEventTest
Running org.apache.dubbo.common.config.configcenter.ConfigChangeTypeTest
Tests run: 1, Failures: 0, Errors: 0, Skipped: 0, Time elapsed: 0.013 sec - in org.apache.dubbo.common.config.configcenter.ConfigChangeTypeTest
Running org.apache.dubbo.common.config.configcenter.DynamicConfigurationFactoryTest
Tests run: 1, Failures: 0, Errors: 0, Skipped: 0, Time elapsed: 1.013 sec - in org.apache.dubbo.common.config.configcenter.DynamicConfigurationFactoryTest
Running org.apache.dubbo.common.config.configcenter.file.FileSystemDynamicConfigurationFactoryTest
Tests run: 1, Failures: 0, Errors: 0, Skipped: 0, Time elapsed: 1.01 sec - in org.apache.dubbo.common.config.configcenter.file.FileSystemDynamicConfigurationFactoryTest
Running org.apache.dubbo.common.config.configcenter.file.FileSystemDynamicConfigurationTest
Tests run: 3, Failures: 3, Errors: 0, Skipped: 0, Time elapsed: 0.052 sec <<< FAILURE! - in org.apache.dubbo.common.config.configcenter.file.FileSystemDynamicConfigurationTest
org.apache.dubbo.common.config.configcenter.file.FileSystemDynamicConfigurationTest.testAddAndRemoveListener()  Time elapsed: 0.051 sec  <<< FAILURE!
java.lang.NullPointerException
	at org.apache.dubbo.common.config.configcenter.file.FileSystemDynamicConfigurationTest.testAddAndRemoveListener(FileSystemDynamicConfigurationTest.java:147)

org.apache.dubbo.common.config.configcenter.file.FileSystemDynamicConfigurationTest.testPublishAndGetConfig()  Time elapsed: 0 sec  <<< FAILURE!
java.lang.NullPointerException
	at org.apache.dubbo.common.config.configcenter.file.FileSystemDynamicConfigurationTest.testPublishAndGetConfig(FileSystemDynamicConfigurationTest.java:89)

org.apache.dubbo.common.config.configcenter.file.FileSystemDynamicConfigurationTest.testInit()  Time elapsed: 0.001 sec  <<< FAILURE!
java.lang.NullPointerException
	at org.apache.dubbo.common.config.configcenter.file.FileSystemDynamicConfigurationTest.testInit(FileSystemDynamicConfigurationTest.java:81)

Running org.apache.dubbo.common.config.ConfigurationUtilsTest
Tests run: 5, Failures: 0, Errors: 0, Skipped: 0, Time elapsed: 1.317 sec - in org.apache.dubbo.common.config.ConfigurationUtilsTest
Running org.apache.dubbo.common.config.EnvironmentTest
Tests run: 0, Failures: 0, Errors: 0, Skipped: 0, Time elapsed: 0 sec - in org.apache.dubbo.common.config.EnvironmentTest
Running org.apache.dubbo.common.config.PropertiesConfigurationTest
Tests run: 1, Failures: 0, Errors: 0, Skipped: 0, Time elapsed: 0.974 sec - in org.apache.dubbo.common.config.PropertiesConfigurationTest
Running org.apache.dubbo.common.extension.AdaptiveClassCodeGeneratorTest
Tests run: 1, Failures: 1, Errors: 0, Skipped: 0, Time elapsed: 0.996 sec <<< FAILURE! - in org.apache.dubbo.common.extension.AdaptiveClassCodeGeneratorTest
org.apache.dubbo.common.extension.AdaptiveClassCodeGeneratorTest.testGenerate()  Time elapsed: 0.995 sec  <<< FAILURE!
org.opentest4j.AssertionFailedError: expected: <true> but was: <false>
	at org.junit.jupiter.api.AssertionUtils.fail(AssertionUtils.java:39)
	at org.junit.jupiter.api.AssertTrue.assertTrue(AssertTrue.java:40)
	at org.junit.jupiter.api.AssertTrue.assertTrue(AssertTrue.java:35)
	at org.junit.jupiter.api.Assertions.assertTrue(Assertions.java:162)
	at org.apache.dubbo.common.extension.AdaptiveClassCodeGeneratorTest.testGenerate(AdaptiveClassCodeGeneratorTest.java:44)

Running org.apache.dubbo.common.extension.ExtensionLoaderTest
Tests run: 29, Failures: 0, Errors: 0, Skipped: 0, Time elapsed: 2.015 sec - in org.apache.dubbo.common.extension.ExtensionLoaderTest
Running org.apache.dubbo.common.extension.ExtensionLoader_Adaptive_Test
Tests run: 15, Failures: 0, Errors: 0, Skipped: 0, Time elapsed: 1.887 sec - in org.apache.dubbo.common.extension.ExtensionLoader_Adaptive_Test
Running org.apache.dubbo.common.extension.ExtensionLoader_Adaptive_UseJdkCompiler_Test
Tests run: 15, Failures: 6, Errors: 0, Skipped: 0, Time elapsed: 5.47 sec <<< FAILURE! - in org.apache.dubbo.common.extension.ExtensionLoader_Adaptive_UseJdkCompiler_Test
org.apache.dubbo.common.extension.ExtensionLoader_Adaptive_UseJdkCompiler_Test.test_getAdaptiveExtension_ExceptionWhenNotAdaptiveMethod()  Time elapsed: 2.307 sec  <<< FAILURE!
java.lang.IllegalStateException: Failed to create adaptive instance: java.lang.IllegalStateException: Can't create adaptive extension interface org.apache.dubbo.common.extension.ext1.SimpleExt, cause: java.lang.ArrayIndexOutOfBoundsException: 103
	at org.apache.dubbo.common.extension.ExtensionLoader.getAdaptiveExtension(ExtensionLoader.java:561)
	at org.apache.dubbo.common.extension.ExtensionLoader_Adaptive_Test.test_getAdaptiveExtension_ExceptionWhenNotAdaptiveMethod(ExtensionLoader_Adaptive_Test.java:176)
	at sun.reflect.NativeMethodAccessorImpl.invoke0(Native Method)
	at sun.reflect.NativeMethodAccessorImpl.invoke(NativeMethodAccessorImpl.java:62)
	at sun.reflect.DelegatingMethodAccessorImpl.invoke(DelegatingMethodAccessorImpl.java:43)
	at java.lang.reflect.Method.invoke(Method.java:498)
	at org.apache.maven.surefire.junit.PojoTestSet.executeTestMethod(PojoTestSet.java:155)
	at org.apache.maven.surefire.junit.PojoTestSet.executeTestMethods(PojoTestSet.java:106)
	at org.apache.maven.surefire.junit.PojoTestSet.execute(PojoTestSet.java:87)
	at org.apache.maven.surefire.junit.JUnit3Provider.executeTestSet(JUnit3Provider.java:130)
	at org.apache.maven.surefire.junit.JUnit3Provider.invoke(JUnit3Provider.java:107)
	at org.apache.maven.surefire.booter.ForkedBooter.invokeProviderInSameClassLoader(ForkedBooter.java:203)
	at org.apache.maven.surefire.booter.ForkedBooter.runSuitesInProcess(ForkedBooter.java:155)
	at org.apache.maven.surefire.booter.ForkedBooter.main(ForkedBooter.java:103)
Caused by: java.lang.IllegalStateException: Can't create adaptive extension interface org.apache.dubbo.common.extension.ext1.SimpleExt, cause: java.lang.ArrayIndexOutOfBoundsException: 103
	at org.apache.dubbo.common.extension.ExtensionLoader.createAdaptiveExtension(ExtensionLoader.java:974)
	at org.apache.dubbo.common.extension.ExtensionLoader.getAdaptiveExtension(ExtensionLoader.java:559)
	... 13 more
Caused by: java.lang.RuntimeException: java.lang.ArrayIndexOutOfBoundsException: 103
	at com.sun.tools.javac.main.Main.compile(Main.java:559)
	at com.sun.tools.javac.api.JavacTaskImpl.doCall(JavacTaskImpl.java:129)
	at com.sun.tools.javac.api.JavacTaskImpl.call(JavacTaskImpl.java:138)
	at org.apache.dubbo.common.compiler.support.JdkCompiler.doCompile(JdkCompiler.java:107)
	at org.apache.dubbo.common.compiler.support.AbstractCompiler.compile(AbstractCompiler.java:58)
	at org.apache.dubbo.common.compiler.support.AdaptiveCompiler.compile(AdaptiveCompiler.java:45)
	at org.apache.dubbo.common.extension.ExtensionLoader.createAdaptiveExtensionClass(ExtensionLoader.java:988)
	at org.apache.dubbo.common.extension.ExtensionLoader.getAdaptiveExtensionClass(ExtensionLoader.java:984)
	at org.apache.dubbo.common.extension.ExtensionLoader.createAdaptiveExtension(ExtensionLoader.java:973)
	... 14 more
Caused by: java.lang.ArrayIndexOutOfBoundsException: 103
	at com.sun.tdk.jcov.runtime.Collect.hit(Collect.java:192)
	at com.sun.tdk.jcov.runtime.CollectDetect.hit(CollectDetect.java:135)
	at org.apache.dubbo.common.compiler.support.JdkCompiler$JavaFileManagerImpl.list(JdkCompiler.java:237)
	at com.sun.tools.javac.api.ClientCodeWrapper$WrappedJavaFileManager.list(ClientCodeWrapper.java:231)
	at com.sun.tools.javac.jvm.ClassReader.fillIn(ClassReader.java:2750)
	at com.sun.tools.javac.jvm.ClassReader.complete(ClassReader.java:2446)
	at com.sun.tools.javac.jvm.ClassReader.access$000(ClassReader.java:76)
	at com.sun.tools.javac.jvm.ClassReader$1.complete(ClassReader.java:240)
	at com.sun.tools.javac.code.Symbol.complete(Symbol.java:574)
	at com.sun.tools.javac.jvm.ClassReader.completeOwners(ClassReader.java:2458)
	at com.sun.tools.javac.jvm.ClassReader.complete(ClassReader.java:2435)
	at com.sun.tools.javac.jvm.ClassReader.access$000(ClassReader.java:76)
	at com.sun.tools.javac.jvm.ClassReader$1.complete(ClassReader.java:240)
	at com.sun.tools.javac.code.Symbol.complete(Symbol.java:574)
	at com.sun.tools.javac.code.Symbol$ClassSymbol.complete(Symbol.java:1037)
	at com.sun.tools.javac.code.Symbol$ClassSymbol.flags(Symbol.java:973)
	at com.sun.tools.javac.code.Types$13.visitClassType(Types.java:1972)
	at com.sun.tools.javac.code.Types$13.visitClassType(Types.java:1955)
	at com.sun.tools.javac.code.Type$ClassType.accept(Type.java:786)
	at com.sun.tools.javac.code.Types$DefaultTypeVisitor.visit(Types.java:4571)
	at com.sun.tools.javac.code.Types.asSuper(Types.java:1952)
	at com.sun.tools.javac.code.Types$13.visitClassType(Types.java:1968)
	at com.sun.tools.javac.code.Types$13.visitClassType(Types.java:1955)
	at com.sun.tools.javac.code.Type$ClassType.accept(Type.java:786)
	at com.sun.tools.javac.code.Types$DefaultTypeVisitor.visit(Types.java:4571)
	at com.sun.tools.javac.code.Types.asSuper(Types.java:1952)
	at com.sun.tools.javac.code.Types$4.visitClassType(Types.java:921)
	at com.sun.tools.javac.code.Types$4.visitClassType(Types.java:844)
	at com.sun.tools.javac.code.Type$ClassType.accept(Type.java:786)
	at com.sun.tools.javac.code.Types$DefaultTypeVisitor.visit(Types.java:4571)
	at com.sun.tools.javac.code.Types.isSubtype(Types.java:840)
	at com.sun.tools.javac.code.Types.isSubtype(Types.java:804)
	at com.sun.tools.javac.code.Types.isSubtypeUncheckedInternal(Types.java:757)
	at com.sun.tools.javac.code.Types.isSubtypeUnchecked(Types.java:741)
	at com.sun.tools.javac.comp.Resolve$MethodCheckContext.compatible(Resolve.java:967)
	at com.sun.tools.javac.comp.Check.checkType(Check.java:546)
	at com.sun.tools.javac.comp.Attr$ResultInfo.check(Attr.java:482)
	at com.sun.tools.javac.comp.Resolve$MethodResultInfo.check(Resolve.java:1015)
	at com.sun.tools.javac.comp.Resolve$4.checkArg(Resolve.java:835)
	at com.sun.tools.javac.comp.Resolve$AbstractMethodCheck.argumentsAcceptable(Resolve.java:735)
	at com.sun.tools.javac.comp.Resolve$4.argumentsAcceptable(Resolve.java:844)
	at com.sun.tools.javac.comp.Resolve.rawInstantiate(Resolve.java:579)
	at com.sun.tools.javac.comp.Resolve.selectBest(Resolve.java:1446)
	at com.sun.tools.javac.comp.Resolve.findMethodInScope(Resolve.java:1633)
	at com.sun.tools.javac.comp.Resolve.findMethod(Resolve.java:1704)
	at com.sun.tools.javac.comp.Resolve.findMethod(Resolve.java:1677)
	at com.sun.tools.javac.comp.Resolve$9.doLookup(Resolve.java:2436)
	at com.sun.tools.javac.comp.Resolve$BasicLookupHelper.lookup(Resolve.java:3097)
	at com.sun.tools.javac.comp.Resolve.lookupMethod(Resolve.java:3348)
	at com.sun.tools.javac.comp.Resolve.resolveQualifiedMethod(Resolve.java:2433)
	at com.sun.tools.javac.comp.Resolve.resolveQualifiedMethod(Resolve.java:2427)
	at com.sun.tools.javac.comp.Attr.selectSym(Attr.java:3396)
	at com.sun.tools.javac.comp.Attr.visitSelect(Attr.java:3278)
	at com.sun.tools.javac.tree.JCTree$JCFieldAccess.accept(JCTree.java:1897)
	at com.sun.tools.javac.comp.Attr.attribTree(Attr.java:576)
	at com.sun.tools.javac.comp.Attr.visitApply(Attr.java:1825)
	at com.sun.tools.javac.tree.JCTree$JCMethodInvocation.accept(JCTree.java:1465)
	at com.sun.tools.javac.comp.Attr.attribTree(Attr.java:576)
	at com.sun.tools.javac.comp.Attr.attribExpr(Attr.java:618)
	at com.sun.tools.javac.comp.Attr.visitVarDef(Attr.java:1075)
	at com.sun.tools.javac.tree.JCTree$JCVariableDecl.accept(JCTree.java:852)
	at com.sun.tools.javac.comp.Attr.attribTree(Attr.java:576)
	at com.sun.tools.javac.comp.Attr.attribStat(Attr.java:645)
	at com.sun.tools.javac.comp.Attr.attribStats(Attr.java:661)
	at com.sun.tools.javac.comp.Attr.visitBlock(Attr.java:1124)
	at com.sun.tools.javac.tree.JCTree$JCBlock.accept(JCTree.java:909)
	at com.sun.tools.javac.comp.Attr.attribTree(Attr.java:576)
	at com.sun.tools.javac.comp.Attr.attribStat(Attr.java:645)
	at com.sun.tools.javac.comp.Attr.visitMethodDef(Attr.java:1013)
	at com.sun.tools.javac.tree.JCTree$JCMethodDecl.accept(JCTree.java:778)
	at com.sun.tools.javac.comp.Attr.attribTree(Attr.java:576)
	at com.sun.tools.javac.comp.Attr.attribStat(Attr.java:645)
	at com.sun.tools.javac.comp.Attr.attribClassBody(Attr.java:4364)
	at com.sun.tools.javac.comp.Attr.attribClass(Attr.java:4272)
	at com.sun.tools.javac.comp.Attr.attribClass(Attr.java:4201)
	at com.sun.tools.javac.comp.Attr.attrib(Attr.java:4176)
	at com.sun.tools.javac.main.JavaCompiler.attribute(JavaCompiler.java:1248)
	at com.sun.tools.javac.main.JavaCompiler.compile2(JavaCompiler.java:901)
	at com.sun.tools.javac.main.JavaCompiler.compile(JavaCompiler.java:860)
	at com.sun.tools.javac.main.Main.compile(Main.java:523)
	... 22 more
Caused by: java.lang.IllegalStateException: Can't create adaptive extension interface org.apache.dubbo.common.extension.ext1.SimpleExt, cause: java.lang.ArrayIndexOutOfBoundsException: 103
	at org.apache.dubbo.common.extension.ExtensionLoader.createAdaptiveExtension(ExtensionLoader.java:974)
	at org.apache.dubbo.common.extension.ExtensionLoader.getAdaptiveExtension(ExtensionLoader.java:559)
	... 13 more
Caused by: java.lang.RuntimeException: java.lang.ArrayIndexOutOfBoundsException: 103
	at com.sun.tools.javac.main.Main.compile(Main.java:559)
	at com.sun.tools.javac.api.JavacTaskImpl.doCall(JavacTaskImpl.java:129)
	at com.sun.tools.javac.api.JavacTaskImpl.call(JavacTaskImpl.java:138)
	at org.apache.dubbo.common.compiler.support.JdkCompiler.doCompile(JdkCompiler.java:107)
	at org.apache.dubbo.common.compiler.support.AbstractCompiler.compile(AbstractCompiler.java:58)
	at org.apache.dubbo.common.compiler.support.AdaptiveCompiler.compile(AdaptiveCompiler.java:45)
	at org.apache.dubbo.common.extension.ExtensionLoader.createAdaptiveExtensionClass(ExtensionLoader.java:988)
	at org.apache.dubbo.common.extension.ExtensionLoader.getAdaptiveExtensionClass(ExtensionLoader.java:984)
	at org.apache.dubbo.common.extension.ExtensionLoader.createAdaptiveExtension(ExtensionLoader.java:973)
	... 14 more
Caused by: java.lang.ArrayIndexOutOfBoundsException: 103
	at com.sun.tdk.jcov.runtime.Collect.hit(Collect.java:192)
	at com.sun.tdk.jcov.runtime.CollectDetect.hit(CollectDetect.java:135)
	at org.apache.dubbo.common.compiler.support.JdkCompiler$JavaFileManagerImpl.list(JdkCompiler.java:237)
	at com.sun.tools.javac.api.ClientCodeWrapper$WrappedJavaFileManager.list(ClientCodeWrapper.java:231)
	at com.sun.tools.javac.jvm.ClassReader.fillIn(ClassReader.java:2750)
	at com.sun.tools.javac.jvm.ClassReader.complete(ClassReader.java:2446)
	at com.sun.tools.javac.jvm.ClassReader.access$000(ClassReader.java:76)
	at com.sun.tools.javac.jvm.ClassReader$1.complete(ClassReader.java:240)
	at com.sun.tools.javac.code.Symbol.complete(Symbol.java:574)
	at com.sun.tools.javac.jvm.ClassReader.completeOwners(ClassReader.java:2458)
	at com.sun.tools.javac.jvm.ClassReader.complete(ClassReader.java:2435)
	at com.sun.tools.javac.jvm.ClassReader.access$000(ClassReader.java:76)
	at com.sun.tools.javac.jvm.ClassReader$1.complete(ClassReader.java:240)
	at com.sun.tools.javac.code.Symbol.complete(Symbol.java:574)
	at com.sun.tools.javac.code.Symbol$ClassSymbol.complete(Symbol.java:1037)
	at com.sun.tools.javac.code.Symbol$ClassSymbol.flags(Symbol.java:973)
	at com.sun.tools.javac.code.Types$13.visitClassType(Types.java:1972)
	at com.sun.tools.javac.code.Types$13.visitClassType(Types.java:1955)
	at com.sun.tools.javac.code.Type$ClassType.accept(Type.java:786)
	at com.sun.tools.javac.code.Types$DefaultTypeVisitor.visit(Types.java:4571)
	at com.sun.tools.javac.code.Types.asSuper(Types.java:1952)
	at com.sun.tools.javac.code.Types$13.visitClassType(Types.java:1968)
	at com.sun.tools.javac.code.Types$13.visitClassType(Types.java:1955)
	at com.sun.tools.javac.code.Type$ClassType.accept(Type.java:786)
	at com.sun.tools.javac.code.Types$DefaultTypeVisitor.visit(Types.java:4571)
	at com.sun.tools.javac.code.Types.asSuper(Types.java:1952)
	at com.sun.tools.javac.code.Types$4.visitClassType(Types.java:921)
	at com.sun.tools.javac.code.Types$4.visitClassType(Types.java:844)
	at com.sun.tools.javac.code.Type$ClassType.accept(Type.java:786)
	at com.sun.tools.javac.code.Types$DefaultTypeVisitor.visit(Types.java:4571)
	at com.sun.tools.javac.code.Types.isSubtype(Types.java:840)
	at com.sun.tools.javac.code.Types.isSubtype(Types.java:804)
	at com.sun.tools.javac.code.Types.isSubtypeUncheckedInternal(Types.java:757)
	at com.sun.tools.javac.code.Types.isSubtypeUnchecked(Types.java:741)
	at com.sun.tools.javac.comp.Resolve$MethodCheckContext.compatible(Resolve.java:967)
	at com.sun.tools.javac.comp.Check.checkType(Check.java:546)
	at com.sun.tools.javac.comp.Attr$ResultInfo.check(Attr.java:482)
	at com.sun.tools.javac.comp.Resolve$MethodResultInfo.check(Resolve.java:1015)
	at com.sun.tools.javac.comp.Resolve$4.checkArg(Resolve.java:835)
	at com.sun.tools.javac.comp.Resolve$AbstractMethodCheck.argumentsAcceptable(Resolve.java:735)
	at com.sun.tools.javac.comp.Resolve$4.argumentsAcceptable(Resolve.java:844)
	at com.sun.tools.javac.comp.Resolve.rawInstantiate(Resolve.java:579)
	at com.sun.tools.javac.comp.Resolve.selectBest(Resolve.java:1446)
	at com.sun.tools.javac.comp.Resolve.findMethodInScope(Resolve.java:1633)
	at com.sun.tools.javac.comp.Resolve.findMethod(Resolve.java:1704)
	at com.sun.tools.javac.comp.Resolve.findMethod(Resolve.java:1677)
	at com.sun.tools.javac.comp.Resolve$9.doLookup(Resolve.java:2436)
	at com.sun.tools.javac.comp.Resolve$BasicLookupHelper.lookup(Resolve.java:3097)
	at com.sun.tools.javac.comp.Resolve.lookupMethod(Resolve.java:3348)
	at com.sun.tools.javac.comp.Resolve.resolveQualifiedMethod(Resolve.java:2433)
	at com.sun.tools.javac.comp.Resolve.resolveQualifiedMethod(Resolve.java:2427)
	at com.sun.tools.javac.comp.Attr.selectSym(Attr.java:3396)
	at com.sun.tools.javac.comp.Attr.visitSelect(Attr.java:3278)
	at com.sun.tools.javac.tree.JCTree$JCFieldAccess.accept(JCTree.java:1897)
	at com.sun.tools.javac.comp.Attr.attribTree(Attr.java:576)
	at com.sun.tools.javac.comp.Attr.visitApply(Attr.java:1825)
	at com.sun.tools.javac.tree.JCTree$JCMethodInvocation.accept(JCTree.java:1465)
	at com.sun.tools.javac.comp.Attr.attribTree(Attr.java:576)
	at com.sun.tools.javac.comp.Attr.attribExpr(Attr.java:618)
	at com.sun.tools.javac.comp.Attr.visitVarDef(Attr.java:1075)
	at com.sun.tools.javac.tree.JCTree$JCVariableDecl.accept(JCTree.java:852)
	at com.sun.tools.javac.comp.Attr.attribTree(Attr.java:576)
	at com.sun.tools.javac.comp.Attr.attribStat(Attr.java:645)
	at com.sun.tools.javac.comp.Attr.attribStats(Attr.java:661)
	at com.sun.tools.javac.comp.Attr.visitBlock(Attr.java:1124)
	at com.sun.tools.javac.tree.JCTree$JCBlock.accept(JCTree.java:909)
	at com.sun.tools.javac.comp.Attr.attribTree(Attr.java:576)
	at com.sun.tools.javac.comp.Attr.attribStat(Attr.java:645)
	at com.sun.tools.javac.comp.Attr.visitMethodDef(Attr.java:1013)
	at com.sun.tools.javac.tree.JCTree$JCMethodDecl.accept(JCTree.java:778)
	at com.sun.tools.javac.comp.Attr.attribTree(Attr.java:576)
	at com.sun.tools.javac.comp.Attr.attribStat(Attr.java:645)
	at com.sun.tools.javac.comp.Attr.attribClassBody(Attr.java:4364)
	at com.sun.tools.javac.comp.Attr.attribClass(Attr.java:4272)
	at com.sun.tools.javac.comp.Attr.attribClass(Attr.java:4201)
	at com.sun.tools.javac.comp.Attr.attrib(Attr.java:4176)
	at com.sun.tools.javac.main.JavaCompiler.attribute(JavaCompiler.java:1248)
	at com.sun.tools.javac.main.JavaCompiler.compile2(JavaCompiler.java:901)
	at com.sun.tools.javac.main.JavaCompiler.compile(JavaCompiler.java:860)
	at com.sun.tools.javac.main.Main.compile(Main.java:523)
	... 22 more

org.apache.dubbo.common.extension.ExtensionLoader_Adaptive_UseJdkCompiler_Test.test_getAdaptiveExtension_defaultAdaptiveKey()  Time elapsed: 0.002 sec  <<< FAILURE!
java.lang.IllegalStateException: Failed to create adaptive instance: java.lang.IllegalStateException: Can't create adaptive extension interface org.apache.dubbo.common.extension.ext1.SimpleExt, cause: java.lang.ArrayIndexOutOfBoundsException: 103
	at org.apache.dubbo.common.extension.ExtensionLoader.getAdaptiveExtension(ExtensionLoader.java:563)
	at org.apache.dubbo.common.extension.ExtensionLoader_Adaptive_Test.test_getAdaptiveExtension_defaultAdaptiveKey(ExtensionLoader_Adaptive_Test.java:58)
	at sun.reflect.NativeMethodAccessorImpl.invoke0(Native Method)
	at sun.reflect.NativeMethodAccessorImpl.invoke(NativeMethodAccessorImpl.java:62)
	at sun.reflect.DelegatingMethodAccessorImpl.invoke(DelegatingMethodAccessorImpl.java:43)
	at java.lang.reflect.Method.invoke(Method.java:498)
	at org.apache.maven.surefire.junit.PojoTestSet.executeTestMethod(PojoTestSet.java:155)
	at org.apache.maven.surefire.junit.PojoTestSet.executeTestMethods(PojoTestSet.java:106)
	at org.apache.maven.surefire.junit.PojoTestSet.execute(PojoTestSet.java:87)
	at org.apache.maven.surefire.junit.JUnit3Provider.executeTestSet(JUnit3Provider.java:130)
	at org.apache.maven.surefire.junit.JUnit3Provider.invoke(JUnit3Provider.java:107)
	at org.apache.maven.surefire.booter.ForkedBooter.invokeProviderInSameClassLoader(ForkedBooter.java:203)
	at org.apache.maven.surefire.booter.ForkedBooter.runSuitesInProcess(ForkedBooter.java:155)
	at org.apache.maven.surefire.booter.ForkedBooter.main(ForkedBooter.java:103)
Caused by: java.lang.IllegalStateException: Can't create adaptive extension interface org.apache.dubbo.common.extension.ext1.SimpleExt, cause: java.lang.ArrayIndexOutOfBoundsException: 103
	at org.apache.dubbo.common.extension.ExtensionLoader.createAdaptiveExtension(ExtensionLoader.java:974)
	at org.apache.dubbo.common.extension.ExtensionLoader.getAdaptiveExtension(ExtensionLoader.java:559)
	at org.apache.dubbo.common.extension.ExtensionLoader_Adaptive_Test.test_getAdaptiveExtension_ExceptionWhenNotAdaptiveMethod(ExtensionLoader_Adaptive_Test.java:176)
	... 12 more
Caused by: java.lang.RuntimeException: java.lang.ArrayIndexOutOfBoundsException: 103
	at com.sun.tools.javac.main.Main.compile(Main.java:559)
	at com.sun.tools.javac.api.JavacTaskImpl.doCall(JavacTaskImpl.java:129)
	at com.sun.tools.javac.api.JavacTaskImpl.call(JavacTaskImpl.java:138)
	at org.apache.dubbo.common.compiler.support.JdkCompiler.doCompile(JdkCompiler.java:107)
	at org.apache.dubbo.common.compiler.support.AbstractCompiler.compile(AbstractCompiler.java:58)
	at org.apache.dubbo.common.compiler.support.AdaptiveCompiler.compile(AdaptiveCompiler.java:45)
	at org.apache.dubbo.common.extension.ExtensionLoader.createAdaptiveExtensionClass(ExtensionLoader.java:988)
	at org.apache.dubbo.common.extension.ExtensionLoader.getAdaptiveExtensionClass(ExtensionLoader.java:984)
	at org.apache.dubbo.common.extension.ExtensionLoader.createAdaptiveExtension(ExtensionLoader.java:973)
	... 14 more
Caused by: java.lang.ArrayIndexOutOfBoundsException: 103
	at com.sun.tdk.jcov.runtime.Collect.hit(Collect.java:192)
	at com.sun.tdk.jcov.runtime.CollectDetect.hit(CollectDetect.java:135)
	at org.apache.dubbo.common.compiler.support.JdkCompiler$JavaFileManagerImpl.list(JdkCompiler.java:237)
	at com.sun.tools.javac.api.ClientCodeWrapper$WrappedJavaFileManager.list(ClientCodeWrapper.java:231)
	at com.sun.tools.javac.jvm.ClassReader.fillIn(ClassReader.java:2750)
	at com.sun.tools.javac.jvm.ClassReader.complete(ClassReader.java:2446)
	at com.sun.tools.javac.jvm.ClassReader.access$000(ClassReader.java:76)
	at com.sun.tools.javac.jvm.ClassReader$1.complete(ClassReader.java:240)
	at com.sun.tools.javac.code.Symbol.complete(Symbol.java:574)
	at com.sun.tools.javac.jvm.ClassReader.completeOwners(ClassReader.java:2458)
	at com.sun.tools.javac.jvm.ClassReader.complete(ClassReader.java:2435)
	at com.sun.tools.javac.jvm.ClassReader.access$000(ClassReader.java:76)
	at com.sun.tools.javac.jvm.ClassReader$1.complete(ClassReader.java:240)
	at com.sun.tools.javac.code.Symbol.complete(Symbol.java:574)
	at com.sun.tools.javac.code.Symbol$ClassSymbol.complete(Symbol.java:1037)
	at com.sun.tools.javac.code.Symbol$ClassSymbol.flags(Symbol.java:973)
	at com.sun.tools.javac.code.Types$13.visitClassType(Types.java:1972)
	at com.sun.tools.javac.code.Types$13.visitClassType(Types.java:1955)
	at com.sun.tools.javac.code.Type$ClassType.accept(Type.java:786)
	at com.sun.tools.javac.code.Types$DefaultTypeVisitor.visit(Types.java:4571)
	at com.sun.tools.javac.code.Types.asSuper(Types.java:1952)
	at com.sun.tools.javac.code.Types$13.visitClassType(Types.java:1968)
	at com.sun.tools.javac.code.Types$13.visitClassType(Types.java:1955)
	at com.sun.tools.javac.code.Type$ClassType.accept(Type.java:786)
	at com.sun.tools.javac.code.Types$DefaultTypeVisitor.visit(Types.java:4571)
	at com.sun.tools.javac.code.Types.asSuper(Types.java:1952)
	at com.sun.tools.javac.code.Types$4.visitClassType(Types.java:921)
	at com.sun.tools.javac.code.Types$4.visitClassType(Types.java:844)
	at com.sun.tools.javac.code.Type$ClassType.accept(Type.java:786)
	at com.sun.tools.javac.code.Types$DefaultTypeVisitor.visit(Types.java:4571)
	at com.sun.tools.javac.code.Types.isSubtype(Types.java:840)
	at com.sun.tools.javac.code.Types.isSubtype(Types.java:804)
	at com.sun.tools.javac.code.Types.isSubtypeUncheckedInternal(Types.java:757)
	at com.sun.tools.javac.code.Types.isSubtypeUnchecked(Types.java:741)
	at com.sun.tools.javac.comp.Resolve$MethodCheckContext.compatible(Resolve.java:967)
	at com.sun.tools.javac.comp.Check.checkType(Check.java:546)
	at com.sun.tools.javac.comp.Attr$ResultInfo.check(Attr.java:482)
	at com.sun.tools.javac.comp.Resolve$MethodResultInfo.check(Resolve.java:1015)
	at com.sun.tools.javac.comp.Resolve$4.checkArg(Resolve.java:835)
	at com.sun.tools.javac.comp.Resolve$AbstractMethodCheck.argumentsAcceptable(Resolve.java:735)
	at com.sun.tools.javac.comp.Resolve$4.argumentsAcceptable(Resolve.java:844)
	at com.sun.tools.javac.comp.Resolve.rawInstantiate(Resolve.java:579)
	at com.sun.tools.javac.comp.Resolve.selectBest(Resolve.java:1446)
	at com.sun.tools.javac.comp.Resolve.findMethodInScope(Resolve.java:1633)
	at com.sun.tools.javac.comp.Resolve.findMethod(Resolve.java:1704)
	at com.sun.tools.javac.comp.Resolve.findMethod(Resolve.java:1677)
	at com.sun.tools.javac.comp.Resolve$9.doLookup(Resolve.java:2436)
	at com.sun.tools.javac.comp.Resolve$BasicLookupHelper.lookup(Resolve.java:3097)
	at com.sun.tools.javac.comp.Resolve.lookupMethod(Resolve.java:3348)
	at com.sun.tools.javac.comp.Resolve.resolveQualifiedMethod(Resolve.java:2433)
	at com.sun.tools.javac.comp.Resolve.resolveQualifiedMethod(Resolve.java:2427)
	at com.sun.tools.javac.comp.Attr.selectSym(Attr.java:3396)
	at com.sun.tools.javac.comp.Attr.visitSelect(Attr.java:3278)
	at com.sun.tools.javac.tree.JCTree$JCFieldAccess.accept(JCTree.java:1897)
	at com.sun.tools.javac.comp.Attr.attribTree(Attr.java:576)
	at com.sun.tools.javac.comp.Attr.visitApply(Attr.java:1825)
	at com.sun.tools.javac.tree.JCTree$JCMethodInvocation.accept(JCTree.java:1465)
	at com.sun.tools.javac.comp.Attr.attribTree(Attr.java:576)
	at com.sun.tools.javac.comp.Attr.attribExpr(Attr.java:618)
	at com.sun.tools.javac.comp.Attr.visitVarDef(Attr.java:1075)
	at com.sun.tools.javac.tree.JCTree$JCVariableDecl.accept(JCTree.java:852)
	at com.sun.tools.javac.comp.Attr.attribTree(Attr.java:576)
	at com.sun.tools.javac.comp.Attr.attribStat(Attr.java:645)
	at com.sun.tools.javac.comp.Attr.attribStats(Attr.java:661)
	at com.sun.tools.javac.comp.Attr.visitBlock(Attr.java:1124)
	at com.sun.tools.javac.tree.JCTree$JCBlock.accept(JCTree.java:909)
	at com.sun.tools.javac.comp.Attr.attribTree(Attr.java:576)
	at com.sun.tools.javac.comp.Attr.attribStat(Attr.java:645)
	at com.sun.tools.javac.comp.Attr.visitMethodDef(Attr.java:1013)
	at com.sun.tools.javac.tree.JCTree$JCMethodDecl.accept(JCTree.java:778)
	at com.sun.tools.javac.comp.Attr.attribTree(Attr.java:576)
	at com.sun.tools.javac.comp.Attr.attribStat(Attr.java:645)
	at com.sun.tools.javac.comp.Attr.attribClassBody(Attr.java:4364)
	at com.sun.tools.javac.comp.Attr.attribClass(Attr.java:4272)
	at com.sun.tools.javac.comp.Attr.attribClass(Attr.java:4201)
	at com.sun.tools.javac.comp.Attr.attrib(Attr.java:4176)
	at com.sun.tools.javac.main.JavaCompiler.attribute(JavaCompiler.java:1248)
	at com.sun.tools.javac.main.JavaCompiler.compile2(JavaCompiler.java:901)
	at com.sun.tools.javac.main.JavaCompiler.compile(JavaCompiler.java:860)
	at com.sun.tools.javac.main.Main.compile(Main.java:523)
	... 22 more
Caused by: java.lang.IllegalStateException: Can't create adaptive extension interface org.apache.dubbo.common.extension.ext1.SimpleExt, cause: java.lang.ArrayIndexOutOfBoundsException: 103
	at org.apache.dubbo.common.extension.ExtensionLoader.createAdaptiveExtension(ExtensionLoader.java:974)
	at org.apache.dubbo.common.extension.ExtensionLoader.getAdaptiveExtension(ExtensionLoader.java:559)
	at org.apache.dubbo.common.extension.ExtensionLoader_Adaptive_Test.test_getAdaptiveExtension_ExceptionWhenNotAdaptiveMethod(ExtensionLoader_Adaptive_Test.java:176)
	... 12 more
Caused by: java.lang.RuntimeException: java.lang.ArrayIndexOutOfBoundsException: 103
	at com.sun.tools.javac.main.Main.compile(Main.java:559)
	at com.sun.tools.javac.api.JavacTaskImpl.doCall(JavacTaskImpl.java:129)
	at com.sun.tools.javac.api.JavacTaskImpl.call(JavacTaskImpl.java:138)
	at org.apache.dubbo.common.compiler.support.JdkCompiler.doCompile(JdkCompiler.java:107)
	at org.apache.dubbo.common.compiler.support.AbstractCompiler.compile(AbstractCompiler.java:58)
	at org.apache.dubbo.common.compiler.support.AdaptiveCompiler.compile(AdaptiveCompiler.java:45)
	at org.apache.dubbo.common.extension.ExtensionLoader.createAdaptiveExtensionClass(ExtensionLoader.java:988)
	at org.apache.dubbo.common.extension.ExtensionLoader.getAdaptiveExtensionClass(ExtensionLoader.java:984)
	at org.apache.dubbo.common.extension.ExtensionLoader.createAdaptiveExtension(ExtensionLoader.java:973)
	... 14 more
Caused by: java.lang.ArrayIndexOutOfBoundsException: 103
	at com.sun.tdk.jcov.runtime.Collect.hit(Collect.java:192)
	at com.sun.tdk.jcov.runtime.CollectDetect.hit(CollectDetect.java:135)
	at org.apache.dubbo.common.compiler.support.JdkCompiler$JavaFileManagerImpl.list(JdkCompiler.java:237)
	at com.sun.tools.javac.api.ClientCodeWrapper$WrappedJavaFileManager.list(ClientCodeWrapper.java:231)
	at com.sun.tools.javac.jvm.ClassReader.fillIn(ClassReader.java:2750)
	at com.sun.tools.javac.jvm.ClassReader.complete(ClassReader.java:2446)
	at com.sun.tools.javac.jvm.ClassReader.access$000(ClassReader.java:76)
	at com.sun.tools.javac.jvm.ClassReader$1.complete(ClassReader.java:240)
	at com.sun.tools.javac.code.Symbol.complete(Symbol.java:574)
	at com.sun.tools.javac.jvm.ClassReader.completeOwners(ClassReader.java:2458)
	at com.sun.tools.javac.jvm.ClassReader.complete(ClassReader.java:2435)
	at com.sun.tools.javac.jvm.ClassReader.access$000(ClassReader.java:76)
	at com.sun.tools.javac.jvm.ClassReader$1.complete(ClassReader.java:240)
	at com.sun.tools.javac.code.Symbol.complete(Symbol.java:574)
	at com.sun.tools.javac.code.Symbol$ClassSymbol.complete(Symbol.java:1037)
	at com.sun.tools.javac.code.Symbol$ClassSymbol.flags(Symbol.java:973)
	at com.sun.tools.javac.code.Types$13.visitClassType(Types.java:1972)
	at com.sun.tools.javac.code.Types$13.visitClassType(Types.java:1955)
	at com.sun.tools.javac.code.Type$ClassType.accept(Type.java:786)
	at com.sun.tools.javac.code.Types$DefaultTypeVisitor.visit(Types.java:4571)
	at com.sun.tools.javac.code.Types.asSuper(Types.java:1952)
	at com.sun.tools.javac.code.Types$13.visitClassType(Types.java:1968)
	at com.sun.tools.javac.code.Types$13.visitClassType(Types.java:1955)
	at com.sun.tools.javac.code.Type$ClassType.accept(Type.java:786)
	at com.sun.tools.javac.code.Types$DefaultTypeVisitor.visit(Types.java:4571)
	at com.sun.tools.javac.code.Types.asSuper(Types.java:1952)
	at com.sun.tools.javac.code.Types$4.visitClassType(Types.java:921)
	at com.sun.tools.javac.code.Types$4.visitClassType(Types.java:844)
	at com.sun.tools.javac.code.Type$ClassType.accept(Type.java:786)
	at com.sun.tools.javac.code.Types$DefaultTypeVisitor.visit(Types.java:4571)
	at com.sun.tools.javac.code.Types.isSubtype(Types.java:840)
	at com.sun.tools.javac.code.Types.isSubtype(Types.java:804)
	at com.sun.tools.javac.code.Types.isSubtypeUncheckedInternal(Types.java:757)
	at com.sun.tools.javac.code.Types.isSubtypeUnchecked(Types.java:741)
	at com.sun.tools.javac.comp.Resolve$MethodCheckContext.compatible(Resolve.java:967)
	at com.sun.tools.javac.comp.Check.checkType(Check.java:546)
	at com.sun.tools.javac.comp.Attr$ResultInfo.check(Attr.java:482)
	at com.sun.tools.javac.comp.Resolve$MethodResultInfo.check(Resolve.java:1015)
	at com.sun.tools.javac.comp.Resolve$4.checkArg(Resolve.java:835)
	at com.sun.tools.javac.comp.Resolve$AbstractMethodCheck.argumentsAcceptable(Resolve.java:735)
	at com.sun.tools.javac.comp.Resolve$4.argumentsAcceptable(Resolve.java:844)
	at com.sun.tools.javac.comp.Resolve.rawInstantiate(Resolve.java:579)
	at com.sun.tools.javac.comp.Resolve.selectBest(Resolve.java:1446)
	at com.sun.tools.javac.comp.Resolve.findMethodInScope(Resolve.java:1633)
	at com.sun.tools.javac.comp.Resolve.findMethod(Resolve.java:1704)
	at com.sun.tools.javac.comp.Resolve.findMethod(Resolve.java:1677)
	at com.sun.tools.javac.comp.Resolve$9.doLookup(Resolve.java:2436)
	at com.sun.tools.javac.comp.Resolve$BasicLookupHelper.lookup(Resolve.java:3097)
	at com.sun.tools.javac.comp.Resolve.lookupMethod(Resolve.java:3348)
	at com.sun.tools.javac.comp.Resolve.resolveQualifiedMethod(Resolve.java:2433)
	at com.sun.tools.javac.comp.Resolve.resolveQualifiedMethod(Resolve.java:2427)
	at com.sun.tools.javac.comp.Attr.selectSym(Attr.java:3396)
	at com.sun.tools.javac.comp.Attr.visitSelect(Attr.java:3278)
	at com.sun.tools.javac.tree.JCTree$JCFieldAccess.accept(JCTree.java:1897)
	at com.sun.tools.javac.comp.Attr.attribTree(Attr.java:576)
	at com.sun.tools.javac.comp.Attr.visitApply(Attr.java:1825)
	at com.sun.tools.javac.tree.JCTree$JCMethodInvocation.accept(JCTree.java:1465)
	at com.sun.tools.javac.comp.Attr.attribTree(Attr.java:576)
	at com.sun.tools.javac.comp.Attr.attribExpr(Attr.java:618)
	at com.sun.tools.javac.comp.Attr.visitVarDef(Attr.java:1075)
	at com.sun.tools.javac.tree.JCTree$JCVariableDecl.accept(JCTree.java:852)
	at com.sun.tools.javac.comp.Attr.attribTree(Attr.java:576)
	at com.sun.tools.javac.comp.Attr.attribStat(Attr.java:645)
	at com.sun.tools.javac.comp.Attr.attribStats(Attr.java:661)
	at com.sun.tools.javac.comp.Attr.visitBlock(Attr.java:1124)
	at com.sun.tools.javac.tree.JCTree$JCBlock.accept(JCTree.java:909)
	at com.sun.tools.javac.comp.Attr.attribTree(Attr.java:576)
	at com.sun.tools.javac.comp.Attr.attribStat(Attr.java:645)
	at com.sun.tools.javac.comp.Attr.visitMethodDef(Attr.java:1013)
	at com.sun.tools.javac.tree.JCTree$JCMethodDecl.accept(JCTree.java:778)
	at com.sun.tools.javac.comp.Attr.attribTree(Attr.java:576)
	at com.sun.tools.javac.comp.Attr.attribStat(Attr.java:645)
	at com.sun.tools.javac.comp.Attr.attribClassBody(Attr.java:4364)
	at com.sun.tools.javac.comp.Attr.attribClass(Attr.java:4272)
	at com.sun.tools.javac.comp.Attr.attribClass(Attr.java:4201)
	at com.sun.tools.javac.comp.Attr.attrib(Attr.java:4176)
	at com.sun.tools.javac.main.JavaCompiler.attribute(JavaCompiler.java:1248)
	at com.sun.tools.javac.main.JavaCompiler.compile2(JavaCompiler.java:901)
	at com.sun.tools.javac.main.JavaCompiler.compile(JavaCompiler.java:860)
	at com.sun.tools.javac.main.Main.compile(Main.java:523)
	... 22 more

org.apache.dubbo.common.extension.ExtensionLoader_Adaptive_UseJdkCompiler_Test.test_getAdaptiveExtension_protocolKey()  Time elapsed: 0.642 sec  <<< FAILURE!
java.lang.IllegalStateException: Failed to create adaptive instance: java.lang.IllegalStateException: Can't create adaptive extension interface org.apache.dubbo.common.extension.ext3.UseProtocolKeyExt, cause: java.lang.ArrayIndexOutOfBoundsException
	at org.apache.dubbo.common.extension.ExtensionLoader.getAdaptiveExtension(ExtensionLoader.java:561)
	at org.apache.dubbo.common.extension.ExtensionLoader_Adaptive_Test.test_getAdaptiveExtension_protocolKey(ExtensionLoader_Adaptive_Test.java:97)
	at sun.reflect.NativeMethodAccessorImpl.invoke0(Native Method)
	at sun.reflect.NativeMethodAccessorImpl.invoke(NativeMethodAccessorImpl.java:62)
	at sun.reflect.DelegatingMethodAccessorImpl.invoke(DelegatingMethodAccessorImpl.java:43)
	at java.lang.reflect.Method.invoke(Method.java:498)
	at org.apache.maven.surefire.junit.PojoTestSet.executeTestMethod(PojoTestSet.java:155)
	at org.apache.maven.surefire.junit.PojoTestSet.executeTestMethods(PojoTestSet.java:106)
	at org.apache.maven.surefire.junit.PojoTestSet.execute(PojoTestSet.java:87)
	at org.apache.maven.surefire.junit.JUnit3Provider.executeTestSet(JUnit3Provider.java:130)
	at org.apache.maven.surefire.junit.JUnit3Provider.invoke(JUnit3Provider.java:107)
	at org.apache.maven.surefire.booter.ForkedBooter.invokeProviderInSameClassLoader(ForkedBooter.java:203)
	at org.apache.maven.surefire.booter.ForkedBooter.runSuitesInProcess(ForkedBooter.java:155)
	at org.apache.maven.surefire.booter.ForkedBooter.main(ForkedBooter.java:103)
Caused by: java.lang.IllegalStateException: Can't create adaptive extension interface org.apache.dubbo.common.extension.ext3.UseProtocolKeyExt, cause: java.lang.ArrayIndexOutOfBoundsException
	at org.apache.dubbo.common.extension.ExtensionLoader.createAdaptiveExtension(ExtensionLoader.java:974)
	at org.apache.dubbo.common.extension.ExtensionLoader.getAdaptiveExtension(ExtensionLoader.java:559)
	... 13 more
Caused by: java.lang.RuntimeException: java.lang.ArrayIndexOutOfBoundsException
	at com.sun.tools.javac.main.Main.compile(Main.java:559)
	at com.sun.tools.javac.api.JavacTaskImpl.doCall(JavacTaskImpl.java:129)
	at com.sun.tools.javac.api.JavacTaskImpl.call(JavacTaskImpl.java:138)
	at org.apache.dubbo.common.compiler.support.JdkCompiler.doCompile(JdkCompiler.java:107)
	at org.apache.dubbo.common.compiler.support.AbstractCompiler.compile(AbstractCompiler.java:58)
	at org.apache.dubbo.common.compiler.support.AdaptiveCompiler.compile(AdaptiveCompiler.java:45)
	at org.apache.dubbo.common.extension.ExtensionLoader.createAdaptiveExtensionClass(ExtensionLoader.java:988)
	at org.apache.dubbo.common.extension.ExtensionLoader.getAdaptiveExtensionClass(ExtensionLoader.java:984)
	at org.apache.dubbo.common.extension.ExtensionLoader.createAdaptiveExtension(ExtensionLoader.java:973)
	... 14 more
Caused by: java.lang.ArrayIndexOutOfBoundsException
Caused by: java.lang.IllegalStateException: Can't create adaptive extension interface org.apache.dubbo.common.extension.ext3.UseProtocolKeyExt, cause: java.lang.ArrayIndexOutOfBoundsException
	at org.apache.dubbo.common.extension.ExtensionLoader.createAdaptiveExtension(ExtensionLoader.java:974)
	at org.apache.dubbo.common.extension.ExtensionLoader.getAdaptiveExtension(ExtensionLoader.java:559)
	... 13 more
Caused by: java.lang.RuntimeException: java.lang.ArrayIndexOutOfBoundsException
	at com.sun.tools.javac.main.Main.compile(Main.java:559)
	at com.sun.tools.javac.api.JavacTaskImpl.doCall(JavacTaskImpl.java:129)
	at com.sun.tools.javac.api.JavacTaskImpl.call(JavacTaskImpl.java:138)
	at org.apache.dubbo.common.compiler.support.JdkCompiler.doCompile(JdkCompiler.java:107)
	at org.apache.dubbo.common.compiler.support.AbstractCompiler.compile(AbstractCompiler.java:58)
	at org.apache.dubbo.common.compiler.support.AdaptiveCompiler.compile(AdaptiveCompiler.java:45)
	at org.apache.dubbo.common.extension.ExtensionLoader.createAdaptiveExtensionClass(ExtensionLoader.java:988)
	at org.apache.dubbo.common.extension.ExtensionLoader.getAdaptiveExtensionClass(ExtensionLoader.java:984)
	at org.apache.dubbo.common.extension.ExtensionLoader.createAdaptiveExtension(ExtensionLoader.java:973)
	... 14 more
Caused by: java.lang.ArrayIndexOutOfBoundsException

org.apache.dubbo.common.extension.ExtensionLoader_Adaptive_UseJdkCompiler_Test.test_getAdaptiveExtension_customizeAdaptiveKey()  Time elapsed: 0.002 sec  <<< FAILURE!
java.lang.IllegalStateException: Failed to create adaptive instance: java.lang.IllegalStateException: Can't create adaptive extension interface org.apache.dubbo.common.extension.ext1.SimpleExt, cause: java.lang.ArrayIndexOutOfBoundsException: 103
	at org.apache.dubbo.common.extension.ExtensionLoader.getAdaptiveExtension(ExtensionLoader.java:563)
	at org.apache.dubbo.common.extension.ExtensionLoader_Adaptive_Test.test_getAdaptiveExtension_customizeAdaptiveKey(ExtensionLoader_Adaptive_Test.java:81)
	at sun.reflect.NativeMethodAccessorImpl.invoke0(Native Method)
	at sun.reflect.NativeMethodAccessorImpl.invoke(NativeMethodAccessorImpl.java:62)
	at sun.reflect.DelegatingMethodAccessorImpl.invoke(DelegatingMethodAccessorImpl.java:43)
	at java.lang.reflect.Method.invoke(Method.java:498)
	at org.apache.maven.surefire.junit.PojoTestSet.executeTestMethod(PojoTestSet.java:155)
	at org.apache.maven.surefire.junit.PojoTestSet.executeTestMethods(PojoTestSet.java:106)
	at org.apache.maven.surefire.junit.PojoTestSet.execute(PojoTestSet.java:87)
	at org.apache.maven.surefire.junit.JUnit3Provider.executeTestSet(JUnit3Provider.java:130)
	at org.apache.maven.surefire.junit.JUnit3Provider.invoke(JUnit3Provider.java:107)
	at org.apache.maven.surefire.booter.ForkedBooter.invokeProviderInSameClassLoader(ForkedBooter.java:203)
	at org.apache.maven.surefire.booter.ForkedBooter.runSuitesInProcess(ForkedBooter.java:155)
	at org.apache.maven.surefire.booter.ForkedBooter.main(ForkedBooter.java:103)
Caused by: java.lang.IllegalStateException: Can't create adaptive extension interface org.apache.dubbo.common.extension.ext1.SimpleExt, cause: java.lang.ArrayIndexOutOfBoundsException: 103
	at org.apache.dubbo.common.extension.ExtensionLoader.createAdaptiveExtension(ExtensionLoader.java:974)
	at org.apache.dubbo.common.extension.ExtensionLoader.getAdaptiveExtension(ExtensionLoader.java:559)
	at org.apache.dubbo.common.extension.ExtensionLoader_Adaptive_Test.test_getAdaptiveExtension_ExceptionWhenNotAdaptiveMethod(ExtensionLoader_Adaptive_Test.java:176)
	... 12 more
Caused by: java.lang.RuntimeException: java.lang.ArrayIndexOutOfBoundsException: 103
	at com.sun.tools.javac.main.Main.compile(Main.java:559)
	at com.sun.tools.javac.api.JavacTaskImpl.doCall(JavacTaskImpl.java:129)
	at com.sun.tools.javac.api.JavacTaskImpl.call(JavacTaskImpl.java:138)
	at org.apache.dubbo.common.compiler.support.JdkCompiler.doCompile(JdkCompiler.java:107)
	at org.apache.dubbo.common.compiler.support.AbstractCompiler.compile(AbstractCompiler.java:58)
	at org.apache.dubbo.common.compiler.support.AdaptiveCompiler.compile(AdaptiveCompiler.java:45)
	at org.apache.dubbo.common.extension.ExtensionLoader.createAdaptiveExtensionClass(ExtensionLoader.java:988)
	at org.apache.dubbo.common.extension.ExtensionLoader.getAdaptiveExtensionClass(ExtensionLoader.java:984)
	at org.apache.dubbo.common.extension.ExtensionLoader.createAdaptiveExtension(ExtensionLoader.java:973)
	... 14 more
Caused by: java.lang.ArrayIndexOutOfBoundsException: 103
	at com.sun.tdk.jcov.runtime.Collect.hit(Collect.java:192)
	at com.sun.tdk.jcov.runtime.CollectDetect.hit(CollectDetect.java:135)
	at org.apache.dubbo.common.compiler.support.JdkCompiler$JavaFileManagerImpl.list(JdkCompiler.java:237)
	at com.sun.tools.javac.api.ClientCodeWrapper$WrappedJavaFileManager.list(ClientCodeWrapper.java:231)
	at com.sun.tools.javac.jvm.ClassReader.fillIn(ClassReader.java:2750)
	at com.sun.tools.javac.jvm.ClassReader.complete(ClassReader.java:2446)
	at com.sun.tools.javac.jvm.ClassReader.access$000(ClassReader.java:76)
	at com.sun.tools.javac.jvm.ClassReader$1.complete(ClassReader.java:240)
	at com.sun.tools.javac.code.Symbol.complete(Symbol.java:574)
	at com.sun.tools.javac.jvm.ClassReader.completeOwners(ClassReader.java:2458)
	at com.sun.tools.javac.jvm.ClassReader.complete(ClassReader.java:2435)
	at com.sun.tools.javac.jvm.ClassReader.access$000(ClassReader.java:76)
	at com.sun.tools.javac.jvm.ClassReader$1.complete(ClassReader.java:240)
	at com.sun.tools.javac.code.Symbol.complete(Symbol.java:574)
	at com.sun.tools.javac.code.Symbol$ClassSymbol.complete(Symbol.java:1037)
	at com.sun.tools.javac.code.Symbol$ClassSymbol.flags(Symbol.java:973)
	at com.sun.tools.javac.code.Types$13.visitClassType(Types.java:1972)
	at com.sun.tools.javac.code.Types$13.visitClassType(Types.java:1955)
	at com.sun.tools.javac.code.Type$ClassType.accept(Type.java:786)
	at com.sun.tools.javac.code.Types$DefaultTypeVisitor.visit(Types.java:4571)
	at com.sun.tools.javac.code.Types.asSuper(Types.java:1952)
	at com.sun.tools.javac.code.Types$13.visitClassType(Types.java:1968)
	at com.sun.tools.javac.code.Types$13.visitClassType(Types.java:1955)
	at com.sun.tools.javac.code.Type$ClassType.accept(Type.java:786)
	at com.sun.tools.javac.code.Types$DefaultTypeVisitor.visit(Types.java:4571)
	at com.sun.tools.javac.code.Types.asSuper(Types.java:1952)
	at com.sun.tools.javac.code.Types$4.visitClassType(Types.java:921)
	at com.sun.tools.javac.code.Types$4.visitClassType(Types.java:844)
	at com.sun.tools.javac.code.Type$ClassType.accept(Type.java:786)
	at com.sun.tools.javac.code.Types$DefaultTypeVisitor.visit(Types.java:4571)
	at com.sun.tools.javac.code.Types.isSubtype(Types.java:840)
	at com.sun.tools.javac.code.Types.isSubtype(Types.java:804)
	at com.sun.tools.javac.code.Types.isSubtypeUncheckedInternal(Types.java:757)
	at com.sun.tools.javac.code.Types.isSubtypeUnchecked(Types.java:741)
	at com.sun.tools.javac.comp.Resolve$MethodCheckContext.compatible(Resolve.java:967)
	at com.sun.tools.javac.comp.Check.checkType(Check.java:546)
	at com.sun.tools.javac.comp.Attr$ResultInfo.check(Attr.java:482)
	at com.sun.tools.javac.comp.Resolve$MethodResultInfo.check(Resolve.java:1015)
	at com.sun.tools.javac.comp.Resolve$4.checkArg(Resolve.java:835)
	at com.sun.tools.javac.comp.Resolve$AbstractMethodCheck.argumentsAcceptable(Resolve.java:735)
	at com.sun.tools.javac.comp.Resolve$4.argumentsAcceptable(Resolve.java:844)
	at com.sun.tools.javac.comp.Resolve.rawInstantiate(Resolve.java:579)
	at com.sun.tools.javac.comp.Resolve.selectBest(Resolve.java:1446)
	at com.sun.tools.javac.comp.Resolve.findMethodInScope(Resolve.java:1633)
	at com.sun.tools.javac.comp.Resolve.findMethod(Resolve.java:1704)
	at com.sun.tools.javac.comp.Resolve.findMethod(Resolve.java:1677)
	at com.sun.tools.javac.comp.Resolve$9.doLookup(Resolve.java:2436)
	at com.sun.tools.javac.comp.Resolve$BasicLookupHelper.lookup(Resolve.java:3097)
	at com.sun.tools.javac.comp.Resolve.lookupMethod(Resolve.java:3348)
	at com.sun.tools.javac.comp.Resolve.resolveQualifiedMethod(Resolve.java:2433)
	at com.sun.tools.javac.comp.Resolve.resolveQualifiedMethod(Resolve.java:2427)
	at com.sun.tools.javac.comp.Attr.selectSym(Attr.java:3396)
	at com.sun.tools.javac.comp.Attr.visitSelect(Attr.java:3278)
	at com.sun.tools.javac.tree.JCTree$JCFieldAccess.accept(JCTree.java:1897)
	at com.sun.tools.javac.comp.Attr.attribTree(Attr.java:576)
	at com.sun.tools.javac.comp.Attr.visitApply(Attr.java:1825)
	at com.sun.tools.javac.tree.JCTree$JCMethodInvocation.accept(JCTree.java:1465)
	at com.sun.tools.javac.comp.Attr.attribTree(Attr.java:576)
	at com.sun.tools.javac.comp.Attr.attribExpr(Attr.java:618)
	at com.sun.tools.javac.comp.Attr.visitVarDef(Attr.java:1075)
	at com.sun.tools.javac.tree.JCTree$JCVariableDecl.accept(JCTree.java:852)
	at com.sun.tools.javac.comp.Attr.attribTree(Attr.java:576)
	at com.sun.tools.javac.comp.Attr.attribStat(Attr.java:645)
	at com.sun.tools.javac.comp.Attr.attribStats(Attr.java:661)
	at com.sun.tools.javac.comp.Attr.visitBlock(Attr.java:1124)
	at com.sun.tools.javac.tree.JCTree$JCBlock.accept(JCTree.java:909)
	at com.sun.tools.javac.comp.Attr.attribTree(Attr.java:576)
	at com.sun.tools.javac.comp.Attr.attribStat(Attr.java:645)
	at com.sun.tools.javac.comp.Attr.visitMethodDef(Attr.java:1013)
	at com.sun.tools.javac.tree.JCTree$JCMethodDecl.accept(JCTree.java:778)
	at com.sun.tools.javac.comp.Attr.attribTree(Attr.java:576)
	at com.sun.tools.javac.comp.Attr.attribStat(Attr.java:645)
	at com.sun.tools.javac.comp.Attr.attribClassBody(Attr.java:4364)
	at com.sun.tools.javac.comp.Attr.attribClass(Attr.java:4272)
	at com.sun.tools.javac.comp.Attr.attribClass(Attr.java:4201)
	at com.sun.tools.javac.comp.Attr.attrib(Attr.java:4176)
	at com.sun.tools.javac.main.JavaCompiler.attribute(JavaCompiler.java:1248)
	at com.sun.tools.javac.main.JavaCompiler.compile2(JavaCompiler.java:901)
	at com.sun.tools.javac.main.JavaCompiler.compile(JavaCompiler.java:860)
	at com.sun.tools.javac.main.Main.compile(Main.java:523)
	... 22 more
Caused by: java.lang.IllegalStateException: Can't create adaptive extension interface org.apache.dubbo.common.extension.ext1.SimpleExt, cause: java.lang.ArrayIndexOutOfBoundsException: 103
	at org.apache.dubbo.common.extension.ExtensionLoader.createAdaptiveExtension(ExtensionLoader.java:974)
	at org.apache.dubbo.common.extension.ExtensionLoader.getAdaptiveExtension(ExtensionLoader.java:559)
	at org.apache.dubbo.common.extension.ExtensionLoader_Adaptive_Test.test_getAdaptiveExtension_ExceptionWhenNotAdaptiveMethod(ExtensionLoader_Adaptive_Test.java:176)
	... 12 more
Caused by: java.lang.RuntimeException: java.lang.ArrayIndexOutOfBoundsException: 103
	at com.sun.tools.javac.main.Main.compile(Main.java:559)
	at com.sun.tools.javac.api.JavacTaskImpl.doCall(JavacTaskImpl.java:129)
	at com.sun.tools.javac.api.JavacTaskImpl.call(JavacTaskImpl.java:138)
	at org.apache.dubbo.common.compiler.support.JdkCompiler.doCompile(JdkCompiler.java:107)
	at org.apache.dubbo.common.compiler.support.AbstractCompiler.compile(AbstractCompiler.java:58)
	at org.apache.dubbo.common.compiler.support.AdaptiveCompiler.compile(AdaptiveCompiler.java:45)
	at org.apache.dubbo.common.extension.ExtensionLoader.createAdaptiveExtensionClass(ExtensionLoader.java:988)
	at org.apache.dubbo.common.extension.ExtensionLoader.getAdaptiveExtensionClass(ExtensionLoader.java:984)
	at org.apache.dubbo.common.extension.ExtensionLoader.createAdaptiveExtension(ExtensionLoader.java:973)
	... 14 more
Caused by: java.lang.ArrayIndexOutOfBoundsException: 103
	at com.sun.tdk.jcov.runtime.Collect.hit(Collect.java:192)
	at com.sun.tdk.jcov.runtime.CollectDetect.hit(CollectDetect.java:135)
	at org.apache.dubbo.common.compiler.support.JdkCompiler$JavaFileManagerImpl.list(JdkCompiler.java:237)
	at com.sun.tools.javac.api.ClientCodeWrapper$WrappedJavaFileManager.list(ClientCodeWrapper.java:231)
	at com.sun.tools.javac.jvm.ClassReader.fillIn(ClassReader.java:2750)
	at com.sun.tools.javac.jvm.ClassReader.complete(ClassReader.java:2446)
	at com.sun.tools.javac.jvm.ClassReader.access$000(ClassReader.java:76)
	at com.sun.tools.javac.jvm.ClassReader$1.complete(ClassReader.java:240)
	at com.sun.tools.javac.code.Symbol.complete(Symbol.java:574)
	at com.sun.tools.javac.jvm.ClassReader.completeOwners(ClassReader.java:2458)
	at com.sun.tools.javac.jvm.ClassReader.complete(ClassReader.java:2435)
	at com.sun.tools.javac.jvm.ClassReader.access$000(ClassReader.java:76)
	at com.sun.tools.javac.jvm.ClassReader$1.complete(ClassReader.java:240)
	at com.sun.tools.javac.code.Symbol.complete(Symbol.java:574)
	at com.sun.tools.javac.code.Symbol$ClassSymbol.complete(Symbol.java:1037)
	at com.sun.tools.javac.code.Symbol$ClassSymbol.flags(Symbol.java:973)
	at com.sun.tools.javac.code.Types$13.visitClassType(Types.java:1972)
	at com.sun.tools.javac.code.Types$13.visitClassType(Types.java:1955)
	at com.sun.tools.javac.code.Type$ClassType.accept(Type.java:786)
	at com.sun.tools.javac.code.Types$DefaultTypeVisitor.visit(Types.java:4571)
	at com.sun.tools.javac.code.Types.asSuper(Types.java:1952)
	at com.sun.tools.javac.code.Types$13.visitClassType(Types.java:1968)
	at com.sun.tools.javac.code.Types$13.visitClassType(Types.java:1955)
	at com.sun.tools.javac.code.Type$ClassType.accept(Type.java:786)
	at com.sun.tools.javac.code.Types$DefaultTypeVisitor.visit(Types.java:4571)
	at com.sun.tools.javac.code.Types.asSuper(Types.java:1952)
	at com.sun.tools.javac.code.Types$4.visitClassType(Types.java:921)
	at com.sun.tools.javac.code.Types$4.visitClassType(Types.java:844)
	at com.sun.tools.javac.code.Type$ClassType.accept(Type.java:786)
	at com.sun.tools.javac.code.Types$DefaultTypeVisitor.visit(Types.java:4571)
	at com.sun.tools.javac.code.Types.isSubtype(Types.java:840)
	at com.sun.tools.javac.code.Types.isSubtype(Types.java:804)
	at com.sun.tools.javac.code.Types.isSubtypeUncheckedInternal(Types.java:757)
	at com.sun.tools.javac.code.Types.isSubtypeUnchecked(Types.java:741)
	at com.sun.tools.javac.comp.Resolve$MethodCheckContext.compatible(Resolve.java:967)
	at com.sun.tools.javac.comp.Check.checkType(Check.java:546)
	at com.sun.tools.javac.comp.Attr$ResultInfo.check(Attr.java:482)
	at com.sun.tools.javac.comp.Resolve$MethodResultInfo.check(Resolve.java:1015)
	at com.sun.tools.javac.comp.Resolve$4.checkArg(Resolve.java:835)
	at com.sun.tools.javac.comp.Resolve$AbstractMethodCheck.argumentsAcceptable(Resolve.java:735)
	at com.sun.tools.javac.comp.Resolve$4.argumentsAcceptable(Resolve.java:844)
	at com.sun.tools.javac.comp.Resolve.rawInstantiate(Resolve.java:579)
	at com.sun.tools.javac.comp.Resolve.selectBest(Resolve.java:1446)
	at com.sun.tools.javac.comp.Resolve.findMethodInScope(Resolve.java:1633)
	at com.sun.tools.javac.comp.Resolve.findMethod(Resolve.java:1704)
	at com.sun.tools.javac.comp.Resolve.findMethod(Resolve.java:1677)
	at com.sun.tools.javac.comp.Resolve$9.doLookup(Resolve.java:2436)
	at com.sun.tools.javac.comp.Resolve$BasicLookupHelper.lookup(Resolve.java:3097)
	at com.sun.tools.javac.comp.Resolve.lookupMethod(Resolve.java:3348)
	at com.sun.tools.javac.comp.Resolve.resolveQualifiedMethod(Resolve.java:2433)
	at com.sun.tools.javac.comp.Resolve.resolveQualifiedMethod(Resolve.java:2427)
	at com.sun.tools.javac.comp.Attr.selectSym(Attr.java:3396)
	at com.sun.tools.javac.comp.Attr.visitSelect(Attr.java:3278)
	at com.sun.tools.javac.tree.JCTree$JCFieldAccess.accept(JCTree.java:1897)
	at com.sun.tools.javac.comp.Attr.attribTree(Attr.java:576)
	at com.sun.tools.javac.comp.Attr.visitApply(Attr.java:1825)
	at com.sun.tools.javac.tree.JCTree$JCMethodInvocation.accept(JCTree.java:1465)
	at com.sun.tools.javac.comp.Attr.attribTree(Attr.java:576)
	at com.sun.tools.javac.comp.Attr.attribExpr(Attr.java:618)
	at com.sun.tools.javac.comp.Attr.visitVarDef(Attr.java:1075)
	at com.sun.tools.javac.tree.JCTree$JCVariableDecl.accept(JCTree.java:852)
	at com.sun.tools.javac.comp.Attr.attribTree(Attr.java:576)
	at com.sun.tools.javac.comp.Attr.attribStat(Attr.java:645)
	at com.sun.tools.javac.comp.Attr.attribStats(Attr.java:661)
	at com.sun.tools.javac.comp.Attr.visitBlock(Attr.java:1124)
	at com.sun.tools.javac.tree.JCTree$JCBlock.accept(JCTree.java:909)
	at com.sun.tools.javac.comp.Attr.attribTree(Attr.java:576)
	at com.sun.tools.javac.comp.Attr.attribStat(Attr.java:645)
	at com.sun.tools.javac.comp.Attr.visitMethodDef(Attr.java:1013)
	at com.sun.tools.javac.tree.JCTree$JCMethodDecl.accept(JCTree.java:778)
	at com.sun.tools.javac.comp.Attr.attribTree(Attr.java:576)
	at com.sun.tools.javac.comp.Attr.attribStat(Attr.java:645)
	at com.sun.tools.javac.comp.Attr.attribClassBody(Attr.java:4364)
	at com.sun.tools.javac.comp.Attr.attribClass(Attr.java:4272)
	at com.sun.tools.javac.comp.Attr.attribClass(Attr.java:4201)
	at com.sun.tools.javac.comp.Attr.attrib(Attr.java:4176)
	at com.sun.tools.javac.main.JavaCompiler.attribute(JavaCompiler.java:1248)
	at com.sun.tools.javac.main.JavaCompiler.compile2(JavaCompiler.java:901)
	at com.sun.tools.javac.main.JavaCompiler.compile(JavaCompiler.java:860)
	at com.sun.tools.javac.main.Main.compile(Main.java:523)
	... 22 more

org.apache.dubbo.common.extension.ExtensionLoader_Adaptive_UseJdkCompiler_Test.test_getAdaptiveExtension_inject()  Time elapsed: 0.63 sec  <<< FAILURE!
java.lang.NullPointerException
	at org.apache.dubbo.common.extension.ext6_inject.impl.Ext6Impl1.echo(Ext6Impl1.java:40)
	at org.apache.dubbo.common.extension.ext6_inject.Ext6$Adaptive.echo(Ext6$Adaptive.java:10)
	at org.apache.dubbo.common.extension.ExtensionLoader_Adaptive_Test.test_getAdaptiveExtension_inject(ExtensionLoader_Adaptive_Test.java:299)
	at sun.reflect.NativeMethodAccessorImpl.invoke0(Native Method)
	at sun.reflect.NativeMethodAccessorImpl.invoke(NativeMethodAccessorImpl.java:62)
	at sun.reflect.DelegatingMethodAccessorImpl.invoke(DelegatingMethodAccessorImpl.java:43)
	at java.lang.reflect.Method.invoke(Method.java:498)
	at org.apache.maven.surefire.junit.PojoTestSet.executeTestMethod(PojoTestSet.java:155)
	at org.apache.maven.surefire.junit.PojoTestSet.executeTestMethods(PojoTestSet.java:106)
	at org.apache.maven.surefire.junit.PojoTestSet.execute(PojoTestSet.java:87)
	at org.apache.maven.surefire.junit.JUnit3Provider.executeTestSet(JUnit3Provider.java:130)
	at org.apache.maven.surefire.junit.JUnit3Provider.invoke(JUnit3Provider.java:107)
	at org.apache.maven.surefire.booter.ForkedBooter.invokeProviderInSameClassLoader(ForkedBooter.java:203)
	at org.apache.maven.surefire.booter.ForkedBooter.runSuitesInProcess(ForkedBooter.java:155)
	at org.apache.maven.surefire.booter.ForkedBooter.main(ForkedBooter.java:103)

org.apache.dubbo.common.extension.ExtensionLoader_Adaptive_UseJdkCompiler_Test.test_getAdaptiveExtension_UrlNpe()  Time elapsed: 0.005 sec  <<< FAILURE!
java.lang.IllegalStateException: Failed to create adaptive instance: java.lang.IllegalStateException: Can't create adaptive extension interface org.apache.dubbo.common.extension.ext1.SimpleExt, cause: java.lang.ArrayIndexOutOfBoundsException: 103
	at org.apache.dubbo.common.extension.ExtensionLoader.getAdaptiveExtension(ExtensionLoader.java:563)
	at org.apache.dubbo.common.extension.ExtensionLoader_Adaptive_Test.test_getAdaptiveExtension_UrlNpe(ExtensionLoader_Adaptive_Test.java:139)
	at sun.reflect.NativeMethodAccessorImpl.invoke0(Native Method)
	at sun.reflect.NativeMethodAccessorImpl.invoke(NativeMethodAccessorImpl.java:62)
	at sun.reflect.DelegatingMethodAccessorImpl.invoke(DelegatingMethodAccessorImpl.java:43)
	at java.lang.reflect.Method.invoke(Method.java:498)
	at org.apache.maven.surefire.junit.PojoTestSet.executeTestMethod(PojoTestSet.java:155)
	at org.apache.maven.surefire.junit.PojoTestSet.executeTestMethods(PojoTestSet.java:106)
	at org.apache.maven.surefire.junit.PojoTestSet.execute(PojoTestSet.java:87)
	at org.apache.maven.surefire.junit.JUnit3Provider.executeTestSet(JUnit3Provider.java:130)
	at org.apache.maven.surefire.junit.JUnit3Provider.invoke(JUnit3Provider.java:107)
	at org.apache.maven.surefire.booter.ForkedBooter.invokeProviderInSameClassLoader(ForkedBooter.java:203)
	at org.apache.maven.surefire.booter.ForkedBooter.runSuitesInProcess(ForkedBooter.java:155)
	at org.apache.maven.surefire.booter.ForkedBooter.main(ForkedBooter.java:103)
Caused by: java.lang.IllegalStateException: Can't create adaptive extension interface org.apache.dubbo.common.extension.ext1.SimpleExt, cause: java.lang.ArrayIndexOutOfBoundsException: 103
	at org.apache.dubbo.common.extension.ExtensionLoader.createAdaptiveExtension(ExtensionLoader.java:974)
	at org.apache.dubbo.common.extension.ExtensionLoader.getAdaptiveExtension(ExtensionLoader.java:559)
	at org.apache.dubbo.common.extension.ExtensionLoader_Adaptive_Test.test_getAdaptiveExtension_ExceptionWhenNotAdaptiveMethod(ExtensionLoader_Adaptive_Test.java:176)
	... 12 more
Caused by: java.lang.RuntimeException: java.lang.ArrayIndexOutOfBoundsException: 103
	at com.sun.tools.javac.main.Main.compile(Main.java:559)
	at com.sun.tools.javac.api.JavacTaskImpl.doCall(JavacTaskImpl.java:129)
	at com.sun.tools.javac.api.JavacTaskImpl.call(JavacTaskImpl.java:138)
	at org.apache.dubbo.common.compiler.support.JdkCompiler.doCompile(JdkCompiler.java:107)
	at org.apache.dubbo.common.compiler.support.AbstractCompiler.compile(AbstractCompiler.java:58)
	at org.apache.dubbo.common.compiler.support.AdaptiveCompiler.compile(AdaptiveCompiler.java:45)
	at org.apache.dubbo.common.extension.ExtensionLoader.createAdaptiveExtensionClass(ExtensionLoader.java:988)
	at org.apache.dubbo.common.extension.ExtensionLoader.getAdaptiveExtensionClass(ExtensionLoader.java:984)
	at org.apache.dubbo.common.extension.ExtensionLoader.createAdaptiveExtension(ExtensionLoader.java:973)
	... 14 more
Caused by: java.lang.ArrayIndexOutOfBoundsException: 103
	at com.sun.tdk.jcov.runtime.Collect.hit(Collect.java:192)
	at com.sun.tdk.jcov.runtime.CollectDetect.hit(CollectDetect.java:135)
	at org.apache.dubbo.common.compiler.support.JdkCompiler$JavaFileManagerImpl.list(JdkCompiler.java:237)
	at com.sun.tools.javac.api.ClientCodeWrapper$WrappedJavaFileManager.list(ClientCodeWrapper.java:231)
	at com.sun.tools.javac.jvm.ClassReader.fillIn(ClassReader.java:2750)
	at com.sun.tools.javac.jvm.ClassReader.complete(ClassReader.java:2446)
	at com.sun.tools.javac.jvm.ClassReader.access$000(ClassReader.java:76)
	at com.sun.tools.javac.jvm.ClassReader$1.complete(ClassReader.java:240)
	at com.sun.tools.javac.code.Symbol.complete(Symbol.java:574)
	at com.sun.tools.javac.jvm.ClassReader.completeOwners(ClassReader.java:2458)
	at com.sun.tools.javac.jvm.ClassReader.complete(ClassReader.java:2435)
	at com.sun.tools.javac.jvm.ClassReader.access$000(ClassReader.java:76)
	at com.sun.tools.javac.jvm.ClassReader$1.complete(ClassReader.java:240)
	at com.sun.tools.javac.code.Symbol.complete(Symbol.java:574)
	at com.sun.tools.javac.code.Symbol$ClassSymbol.complete(Symbol.java:1037)
	at com.sun.tools.javac.code.Symbol$ClassSymbol.flags(Symbol.java:973)
	at com.sun.tools.javac.code.Types$13.visitClassType(Types.java:1972)
	at com.sun.tools.javac.code.Types$13.visitClassType(Types.java:1955)
	at com.sun.tools.javac.code.Type$ClassType.accept(Type.java:786)
	at com.sun.tools.javac.code.Types$DefaultTypeVisitor.visit(Types.java:4571)
	at com.sun.tools.javac.code.Types.asSuper(Types.java:1952)
	at com.sun.tools.javac.code.Types$13.visitClassType(Types.java:1968)
	at com.sun.tools.javac.code.Types$13.visitClassType(Types.java:1955)
	at com.sun.tools.javac.code.Type$ClassType.accept(Type.java:786)
	at com.sun.tools.javac.code.Types$DefaultTypeVisitor.visit(Types.java:4571)
	at com.sun.tools.javac.code.Types.asSuper(Types.java:1952)
	at com.sun.tools.javac.code.Types$4.visitClassType(Types.java:921)
	at com.sun.tools.javac.code.Types$4.visitClassType(Types.java:844)
	at com.sun.tools.javac.code.Type$ClassType.accept(Type.java:786)
	at com.sun.tools.javac.code.Types$DefaultTypeVisitor.visit(Types.java:4571)
	at com.sun.tools.javac.code.Types.isSubtype(Types.java:840)
	at com.sun.tools.javac.code.Types.isSubtype(Types.java:804)
	at com.sun.tools.javac.code.Types.isSubtypeUncheckedInternal(Types.java:757)
	at com.sun.tools.javac.code.Types.isSubtypeUnchecked(Types.java:741)
	at com.sun.tools.javac.comp.Resolve$MethodCheckContext.compatible(Resolve.java:967)
	at com.sun.tools.javac.comp.Check.checkType(Check.java:546)
	at com.sun.tools.javac.comp.Attr$ResultInfo.check(Attr.java:482)
	at com.sun.tools.javac.comp.Resolve$MethodResultInfo.check(Resolve.java:1015)
	at com.sun.tools.javac.comp.Resolve$4.checkArg(Resolve.java:835)
	at com.sun.tools.javac.comp.Resolve$AbstractMethodCheck.argumentsAcceptable(Resolve.java:735)
	at com.sun.tools.javac.comp.Resolve$4.argumentsAcceptable(Resolve.java:844)
	at com.sun.tools.javac.comp.Resolve.rawInstantiate(Resolve.java:579)
	at com.sun.tools.javac.comp.Resolve.selectBest(Resolve.java:1446)
	at com.sun.tools.javac.comp.Resolve.findMethodInScope(Resolve.java:1633)
	at com.sun.tools.javac.comp.Resolve.findMethod(Resolve.java:1704)
	at com.sun.tools.javac.comp.Resolve.findMethod(Resolve.java:1677)
	at com.sun.tools.javac.comp.Resolve$9.doLookup(Resolve.java:2436)
	at com.sun.tools.javac.comp.Resolve$BasicLookupHelper.lookup(Resolve.java:3097)
	at com.sun.tools.javac.comp.Resolve.lookupMethod(Resolve.java:3348)
	at com.sun.tools.javac.comp.Resolve.resolveQualifiedMethod(Resolve.java:2433)
	at com.sun.tools.javac.comp.Resolve.resolveQualifiedMethod(Resolve.java:2427)
	at com.sun.tools.javac.comp.Attr.selectSym(Attr.java:3396)
	at com.sun.tools.javac.comp.Attr.visitSelect(Attr.java:3278)
	at com.sun.tools.javac.tree.JCTree$JCFieldAccess.accept(JCTree.java:1897)
	at com.sun.tools.javac.comp.Attr.attribTree(Attr.java:576)
	at com.sun.tools.javac.comp.Attr.visitApply(Attr.java:1825)
	at com.sun.tools.javac.tree.JCTree$JCMethodInvocation.accept(JCTree.java:1465)
	at com.sun.tools.javac.comp.Attr.attribTree(Attr.java:576)
	at com.sun.tools.javac.comp.Attr.attribExpr(Attr.java:618)
	at com.sun.tools.javac.comp.Attr.visitVarDef(Attr.java:1075)
	at com.sun.tools.javac.tree.JCTree$JCVariableDecl.accept(JCTree.java:852)
	at com.sun.tools.javac.comp.Attr.attribTree(Attr.java:576)
	at com.sun.tools.javac.comp.Attr.attribStat(Attr.java:645)
	at com.sun.tools.javac.comp.Attr.attribStats(Attr.java:661)
	at com.sun.tools.javac.comp.Attr.visitBlock(Attr.java:1124)
	at com.sun.tools.javac.tree.JCTree$JCBlock.accept(JCTree.java:909)
	at com.sun.tools.javac.comp.Attr.attribTree(Attr.java:576)
	at com.sun.tools.javac.comp.Attr.attribStat(Attr.java:645)
	at com.sun.tools.javac.comp.Attr.visitMethodDef(Attr.java:1013)
	at com.sun.tools.javac.tree.JCTree$JCMethodDecl.accept(JCTree.java:778)
	at com.sun.tools.javac.comp.Attr.attribTree(Attr.java:576)
	at com.sun.tools.javac.comp.Attr.attribStat(Attr.java:645)
	at com.sun.tools.javac.comp.Attr.attribClassBody(Attr.java:4364)
	at com.sun.tools.javac.comp.Attr.attribClass(Attr.java:4272)
	at com.sun.tools.javac.comp.Attr.attribClass(Attr.java:4201)
	at com.sun.tools.javac.comp.Attr.attrib(Attr.java:4176)
	at com.sun.tools.javac.main.JavaCompiler.attribute(JavaCompiler.java:1248)
	at com.sun.tools.javac.main.JavaCompiler.compile2(JavaCompiler.java:901)
	at com.sun.tools.javac.main.JavaCompiler.compile(JavaCompiler.java:860)
	at com.sun.tools.javac.main.Main.compile(Main.java:523)
	... 22 more
Caused by: java.lang.IllegalStateException: Can't create adaptive extension interface org.apache.dubbo.common.extension.ext1.SimpleExt, cause: java.lang.ArrayIndexOutOfBoundsException: 103
	at org.apache.dubbo.common.extension.ExtensionLoader.createAdaptiveExtension(ExtensionLoader.java:974)
	at org.apache.dubbo.common.extension.ExtensionLoader.getAdaptiveExtension(ExtensionLoader.java:559)
	at org.apache.dubbo.common.extension.ExtensionLoader_Adaptive_Test.test_getAdaptiveExtension_ExceptionWhenNotAdaptiveMethod(ExtensionLoader_Adaptive_Test.java:176)
	... 12 more
Caused by: java.lang.RuntimeException: java.lang.ArrayIndexOutOfBoundsException: 103
	at com.sun.tools.javac.main.Main.compile(Main.java:559)
	at com.sun.tools.javac.api.JavacTaskImpl.doCall(JavacTaskImpl.java:129)
	at com.sun.tools.javac.api.JavacTaskImpl.call(JavacTaskImpl.java:138)
	at org.apache.dubbo.common.compiler.support.JdkCompiler.doCompile(JdkCompiler.java:107)
	at org.apache.dubbo.common.compiler.support.AbstractCompiler.compile(AbstractCompiler.java:58)
	at org.apache.dubbo.common.compiler.support.AdaptiveCompiler.compile(AdaptiveCompiler.java:45)
	at org.apache.dubbo.common.extension.ExtensionLoader.createAdaptiveExtensionClass(ExtensionLoader.java:988)
	at org.apache.dubbo.common.extension.ExtensionLoader.getAdaptiveExtensionClass(ExtensionLoader.java:984)
	at org.apache.dubbo.common.extension.ExtensionLoader.createAdaptiveExtension(ExtensionLoader.java:973)
	... 14 more
Caused by: java.lang.ArrayIndexOutOfBoundsException: 103
	at com.sun.tdk.jcov.runtime.Collect.hit(Collect.java:192)
	at com.sun.tdk.jcov.runtime.CollectDetect.hit(CollectDetect.java:135)
	at org.apache.dubbo.common.compiler.support.JdkCompiler$JavaFileManagerImpl.list(JdkCompiler.java:237)
	at com.sun.tools.javac.api.ClientCodeWrapper$WrappedJavaFileManager.list(ClientCodeWrapper.java:231)
	at com.sun.tools.javac.jvm.ClassReader.fillIn(ClassReader.java:2750)
	at com.sun.tools.javac.jvm.ClassReader.complete(ClassReader.java:2446)
	at com.sun.tools.javac.jvm.ClassReader.access$000(ClassReader.java:76)
	at com.sun.tools.javac.jvm.ClassReader$1.complete(ClassReader.java:240)
	at com.sun.tools.javac.code.Symbol.complete(Symbol.java:574)
	at com.sun.tools.javac.jvm.ClassReader.completeOwners(ClassReader.java:2458)
	at com.sun.tools.javac.jvm.ClassReader.complete(ClassReader.java:2435)
	at com.sun.tools.javac.jvm.ClassReader.access$000(ClassReader.java:76)
	at com.sun.tools.javac.jvm.ClassReader$1.complete(ClassReader.java:240)
	at com.sun.tools.javac.code.Symbol.complete(Symbol.java:574)
	at com.sun.tools.javac.code.Symbol$ClassSymbol.complete(Symbol.java:1037)
	at com.sun.tools.javac.code.Symbol$ClassSymbol.flags(Symbol.java:973)
	at com.sun.tools.javac.code.Types$13.visitClassType(Types.java:1972)
	at com.sun.tools.javac.code.Types$13.visitClassType(Types.java:1955)
	at com.sun.tools.javac.code.Type$ClassType.accept(Type.java:786)
	at com.sun.tools.javac.code.Types$DefaultTypeVisitor.visit(Types.java:4571)
	at com.sun.tools.javac.code.Types.asSuper(Types.java:1952)
	at com.sun.tools.javac.code.Types$13.visitClassType(Types.java:1968)
	at com.sun.tools.javac.code.Types$13.visitClassType(Types.java:1955)
	at com.sun.tools.javac.code.Type$ClassType.accept(Type.java:786)
	at com.sun.tools.javac.code.Types$DefaultTypeVisitor.visit(Types.java:4571)
	at com.sun.tools.javac.code.Types.asSuper(Types.java:1952)
	at com.sun.tools.javac.code.Types$4.visitClassType(Types.java:921)
	at com.sun.tools.javac.code.Types$4.visitClassType(Types.java:844)
	at com.sun.tools.javac.code.Type$ClassType.accept(Type.java:786)
	at com.sun.tools.javac.code.Types$DefaultTypeVisitor.visit(Types.java:4571)
	at com.sun.tools.javac.code.Types.isSubtype(Types.java:840)
	at com.sun.tools.javac.code.Types.isSubtype(Types.java:804)
	at com.sun.tools.javac.code.Types.isSubtypeUncheckedInternal(Types.java:757)
	at com.sun.tools.javac.code.Types.isSubtypeUnchecked(Types.java:741)
	at com.sun.tools.javac.comp.Resolve$MethodCheckContext.compatible(Resolve.java:967)
	at com.sun.tools.javac.comp.Check.checkType(Check.java:546)
	at com.sun.tools.javac.comp.Attr$ResultInfo.check(Attr.java:482)
	at com.sun.tools.javac.comp.Resolve$MethodResultInfo.check(Resolve.java:1015)
	at com.sun.tools.javac.comp.Resolve$4.checkArg(Resolve.java:835)
	at com.sun.tools.javac.comp.Resolve$AbstractMethodCheck.argumentsAcceptable(Resolve.java:735)
	at com.sun.tools.javac.comp.Resolve$4.argumentsAcceptable(Resolve.java:844)
	at com.sun.tools.javac.comp.Resolve.rawInstantiate(Resolve.java:579)
	at com.sun.tools.javac.comp.Resolve.selectBest(Resolve.java:1446)
	at com.sun.tools.javac.comp.Resolve.findMethodInScope(Resolve.java:1633)
	at com.sun.tools.javac.comp.Resolve.findMethod(Resolve.java:1704)
	at com.sun.tools.javac.comp.Resolve.findMethod(Resolve.java:1677)
	at com.sun.tools.javac.comp.Resolve$9.doLookup(Resolve.java:2436)
	at com.sun.tools.javac.comp.Resolve$BasicLookupHelper.lookup(Resolve.java:3097)
	at com.sun.tools.javac.comp.Resolve.lookupMethod(Resolve.java:3348)
	at com.sun.tools.javac.comp.Resolve.resolveQualifiedMethod(Resolve.java:2433)
	at com.sun.tools.javac.comp.Resolve.resolveQualifiedMethod(Resolve.java:2427)
	at com.sun.tools.javac.comp.Attr.selectSym(Attr.java:3396)
	at com.sun.tools.javac.comp.Attr.visitSelect(Attr.java:3278)
	at com.sun.tools.javac.tree.JCTree$JCFieldAccess.accept(JCTree.java:1897)
	at com.sun.tools.javac.comp.Attr.attribTree(Attr.java:576)
	at com.sun.tools.javac.comp.Attr.visitApply(Attr.java:1825)
	at com.sun.tools.javac.tree.JCTree$JCMethodInvocation.accept(JCTree.java:1465)
	at com.sun.tools.javac.comp.Attr.attribTree(Attr.java:576)
	at com.sun.tools.javac.comp.Attr.attribExpr(Attr.java:618)
	at com.sun.tools.javac.comp.Attr.visitVarDef(Attr.java:1075)
	at com.sun.tools.javac.tree.JCTree$JCVariableDecl.accept(JCTree.java:852)
	at com.sun.tools.javac.comp.Attr.attribTree(Attr.java:576)
	at com.sun.tools.javac.comp.Attr.attribStat(Attr.java:645)
	at com.sun.tools.javac.comp.Attr.attribStats(Attr.java:661)
	at com.sun.tools.javac.comp.Attr.visitBlock(Attr.java:1124)
	at com.sun.tools.javac.tree.JCTree$JCBlock.accept(JCTree.java:909)
	at com.sun.tools.javac.comp.Attr.attribTree(Attr.java:576)
	at com.sun.tools.javac.comp.Attr.attribStat(Attr.java:645)
	at com.sun.tools.javac.comp.Attr.visitMethodDef(Attr.java:1013)
	at com.sun.tools.javac.tree.JCTree$JCMethodDecl.accept(JCTree.java:778)
	at com.sun.tools.javac.comp.Attr.attribTree(Attr.java:576)
	at com.sun.tools.javac.comp.Attr.attribStat(Attr.java:645)
	at com.sun.tools.javac.comp.Attr.attribClassBody(Attr.java:4364)
	at com.sun.tools.javac.comp.Attr.attribClass(Attr.java:4272)
	at com.sun.tools.javac.comp.Attr.attribClass(Attr.java:4201)
	at com.sun.tools.javac.comp.Attr.attrib(Attr.java:4176)
	at com.sun.tools.javac.main.JavaCompiler.attribute(JavaCompiler.java:1248)
	at com.sun.tools.javac.main.JavaCompiler.compile2(JavaCompiler.java:901)
	at com.sun.tools.javac.main.JavaCompiler.compile(JavaCompiler.java:860)
	at com.sun.tools.javac.main.Main.compile(Main.java:523)
	... 22 more

Running org.apache.dubbo.common.extension.ExtensionLoader_Compatible_Test
Tests run: 1, Failures: 0, Errors: 0, Skipped: 0, Time elapsed: 0.968 sec - in org.apache.dubbo.common.extension.ExtensionLoader_Compatible_Test
Running org.apache.dubbo.common.extension.support.ActivateComparatorTest
Tests run: 1, Failures: 0, Errors: 0, Skipped: 0, Time elapsed: 0.975 sec - in org.apache.dubbo.common.extension.support.ActivateComparatorTest
Running org.apache.dubbo.common.function.PredicatesTest
Tests run: 4, Failures: 0, Errors: 0, Skipped: 0, Time elapsed: 0.262 sec - in org.apache.dubbo.common.function.PredicatesTest
Running org.apache.dubbo.common.function.StreamsTest
Tests run: 3, Failures: 0, Errors: 0, Skipped: 0, Time elapsed: 0.243 sec - in org.apache.dubbo.common.function.StreamsTest
Running org.apache.dubbo.common.function.ThrowableActionTest
Tests run: 1, Failures: 0, Errors: 0, Skipped: 0, Time elapsed: 0.179 sec - in org.apache.dubbo.common.function.ThrowableActionTest
Running org.apache.dubbo.common.function.ThrowableConsumerTest
Tests run: 1, Failures: 0, Errors: 0, Skipped: 0, Time elapsed: 0.182 sec - in org.apache.dubbo.common.function.ThrowableConsumerTest
Running org.apache.dubbo.common.function.ThrowableFunctionTest
Tests run: 1, Failures: 0, Errors: 0, Skipped: 0, Time elapsed: 0.178 sec - in org.apache.dubbo.common.function.ThrowableFunctionTest
Running org.apache.dubbo.common.io.BytesTest
Tests run: 13, Failures: 0, Errors: 0, Skipped: 0, Time elapsed: 0.506 sec - in org.apache.dubbo.common.io.BytesTest
Running org.apache.dubbo.common.io.StreamUtilsTest
Tests run: 6, Failures: 0, Errors: 0, Skipped: 0, Time elapsed: 0.23 sec - in org.apache.dubbo.common.io.StreamUtilsTest
Running org.apache.dubbo.common.io.UnsafeByteArrayInputStreamTest
Tests run: 6, Failures: 0, Errors: 0, Skipped: 0, Time elapsed: 0.208 sec - in org.apache.dubbo.common.io.UnsafeByteArrayInputStreamTest
Running org.apache.dubbo.common.io.UnsafeByteArrayOutputStreamTest
Tests run: 5, Failures: 0, Errors: 0, Skipped: 0, Time elapsed: 2.218 sec - in org.apache.dubbo.common.io.UnsafeByteArrayOutputStreamTest
Running org.apache.dubbo.common.io.UnsafeStringReaderTest
Tests run: 4, Failures: 0, Errors: 0, Skipped: 0, Time elapsed: 0.206 sec - in org.apache.dubbo.common.io.UnsafeStringReaderTest
Running org.apache.dubbo.common.io.UnsafeStringWriterTest
Tests run: 7, Failures: 0, Errors: 0, Skipped: 0, Time elapsed: 0.222 sec - in org.apache.dubbo.common.io.UnsafeStringWriterTest
Running org.apache.dubbo.common.json.JSONReaderTest
Tests run: 1, Failures: 0, Errors: 0, Skipped: 0, Time elapsed: 1.717 sec - in org.apache.dubbo.common.json.JSONReaderTest
Running org.apache.dubbo.common.json.JSONTest
{"code":"001","message":"AAAAAAAA"}
parse to JSONObject 10000 times in: 207913
parse to Class 10000 times in: 240151
Tests run: 9, Failures: 0, Errors: 0, Skipped: 0, Time elapsed: 899.349 sec - in org.apache.dubbo.common.json.JSONTest
Running org.apache.dubbo.common.json.JSONWriterTest
Tests run: 1, Failures: 0, Errors: 0, Skipped: 0, Time elapsed: 0.068 sec - in org.apache.dubbo.common.json.JSONWriterTest
Running org.apache.dubbo.common.lang.PrioritizedTest
Tests run: 3, Failures: 0, Errors: 0, Skipped: 0, Time elapsed: 0.21 sec - in org.apache.dubbo.common.lang.PrioritizedTest
Running org.apache.dubbo.common.lang.ShutdownHookCallbacksTest
Tests run: 2, Failures: 2, Errors: 0, Skipped: 0, Time elapsed: 0.051 sec <<< FAILURE! - in org.apache.dubbo.common.lang.ShutdownHookCallbacksTest
org.apache.dubbo.common.lang.ShutdownHookCallbacksTest.testSingleton()  Time elapsed: 0.041 sec  <<< FAILURE!
org.opentest4j.AssertionFailedError: expected: not <null>
	at org.junit.jupiter.api.AssertionUtils.fail(AssertionUtils.java:39)
	at org.junit.jupiter.api.Assertions.fail(Assertions.java:109)
	at org.junit.jupiter.api.AssertNotNull.failNull(AssertNotNull.java:47)
	at org.junit.jupiter.api.AssertNotNull.assertNotNull(AssertNotNull.java:36)
	at org.junit.jupiter.api.AssertNotNull.assertNotNull(AssertNotNull.java:31)
	at org.junit.jupiter.api.Assertions.assertNotNull(Assertions.java:283)
	at org.apache.dubbo.common.lang.ShutdownHookCallbacksTest.testSingleton(ShutdownHookCallbacksTest.java:42)

org.apache.dubbo.common.lang.ShutdownHookCallbacksTest.testCallback()  Time elapsed: 0.01 sec  <<< FAILURE!
java.lang.NullPointerException
	at org.apache.dubbo.common.lang.ShutdownHookCallbacksTest.testCallback(ShutdownHookCallbacksTest.java:47)

Running org.apache.dubbo.common.logger.LoggerAdapterTest
Tests run: 0, Failures: 0, Errors: 0, Skipped: 0, Time elapsed: 0 sec - in org.apache.dubbo.common.logger.LoggerAdapterTest
Running org.apache.dubbo.common.logger.LoggerFactoryTest
Tests run: 4, Failures: 0, Errors: 0, Skipped: 0, Time elapsed: 1.045 sec - in org.apache.dubbo.common.logger.LoggerFactoryTest
Running org.apache.dubbo.common.logger.LoggerTest
Tests run: 0, Failures: 0, Errors: 0, Skipped: 0, Time elapsed: 0 sec - in org.apache.dubbo.common.logger.LoggerTest
Running org.apache.dubbo.common.logger.slf4j.Slf4jLoggerTest
Tests run: 1, Failures: 0, Errors: 0, Skipped: 0, Time elapsed: 2.09 sec - in org.apache.dubbo.common.logger.slf4j.Slf4jLoggerTest
Running org.apache.dubbo.common.logger.support.FailsafeLoggerTest
Tests run: 3, Failures: 0, Errors: 0, Skipped: 0, Time elapsed: 2.757 sec - in org.apache.dubbo.common.logger.support.FailsafeLoggerTest
Running org.apache.dubbo.common.status.StatusTest
Tests run: 3, Failures: 0, Errors: 0, Skipped: 0, Time elapsed: 0.04 sec - in org.apache.dubbo.common.status.StatusTest
Running org.apache.dubbo.common.status.support.LoadStatusCheckerTest
Tests run: 0, Failures: 0, Errors: 0, Skipped: 0, Time elapsed: 0 sec - in org.apache.dubbo.common.status.support.LoadStatusCheckerTest
Running org.apache.dubbo.common.status.support.MemoryStatusCheckerTest
Tests run: 0, Failures: 0, Errors: 0, Skipped: 0, Time elapsed: 0 sec - in org.apache.dubbo.common.status.support.MemoryStatusCheckerTest
Running org.apache.dubbo.common.status.support.StatusUtilsTest
Tests run: 3, Failures: 0, Errors: 0, Skipped: 0, Time elapsed: 0.059 sec - in org.apache.dubbo.common.status.support.StatusUtilsTest
Running org.apache.dubbo.common.store.support.SimpleDataStoreTest
Tests run: 3, Failures: 0, Errors: 0, Skipped: 0, Time elapsed: 0.18 sec - in org.apache.dubbo.common.store.support.SimpleDataStoreTest
Running org.apache.dubbo.common.threadlocal.InternalThreadLocalTest
